1660662120757	geckodriver	INFO	Listening on 127.0.0.1:56115
1660662120770	mozrunner::runner	INFO	Running command: "/usr/bin/firefox" "--marionette" "--remote-debugging-port" "58719" "--remote-allow-hosts" "localhost" "-no-remote" "-profile" "/tmp/rust_mozprofilehmBVPV"
ATTENTION: default value of option mesa_glthread overridden by environment.
ATTENTION: default value of option mesa_glthread overridden by environment.
ATTENTION: default value of option mesa_glthread overridden by environment.
ATTENTION: default value of option mesa_glthread overridden by environment.
1660662122841	Marionette	INFO	Marionette enabled
1660662122866	Marionette	INFO	Listening on port 37559
WebDriver BiDi listening on ws://localhost:58719
Read port: 37559
1660662123152	RemoteAgent	WARN	TLS certificate errors will be ignored for this session
console.warn: SearchSettings: "get: No settings file exists, new profile?" (new NotFoundError("Could not open the file at /tmp/rust_mozprofilehmBVPV/search.json.mozlz4", (void 0)))
Missing chrome or resource URL: resource://gre/modules/UpdateListener.jsm
Missing chrome or resource URL: resource://gre/modules/UpdateListener.sys.mjs
DevTools listening on ws://localhost:58719/devtools/browser/f1085ede-e646-45dc-8c81-6911a5db745a
JavaScript warning: https://ads.adthrive.com/builds/core/61ae3e3/es2018/js/adthrive.min.js?deployment=adm-208:pr2534:flex-20:61ae3e3:exp&experiments=stubCMP,amazonLoad,prebidLoad, line 3: WEBGL_debug_renderer_info is deprecated in Firefox and will be removed. Please use RENDERER.
Marionette threw an error: TypeError: this.curBrowser.contentBrowser is null
GeckoDriver.prototype.navigateTo@chrome://remote/content/marionette/driver.js:850:3

Missing chrome or resource URL: resource://gre/modules/UpdateListener.jsm
Missing chrome or resource URL: resource://gre/modules/UpdateListener.sys.mjs
console.error: "Error during quit-application-granted: [Exception... \"File error: Not found\"  nsresult: \"0x80520012 (NS_ERROR_FILE_NOT_FOUND)\"  location: \"JS frame :: resource:///modules/BrowserGlue.jsm :: _onQuitApplicationGranted/tasks< :: line 2006\"  data: no]"
1660662136495	Marionette	INFO	Stopped listening on port 37559
console.warn: TopSitesFeed: Failed to fetch data from Contile server: NetworkError when attempting to fetch resource.
1660662229844	geckodriver	INFO	Listening on 127.0.0.1:44961
1660662230350	mozrunner::runner	INFO	Running command: "/usr/bin/firefox" "--marionette" "--remote-debugging-port" "44047" "--remote-allow-hosts" "localhost" "-no-remote" "-profile" "/tmp/rust_mozprofileKJh2RB"
ATTENTION: default value of option mesa_glthread overridden by environment.
ATTENTION: default value of option mesa_glthread overridden by environment.
ATTENTION: default value of option mesa_glthread overridden by environment.
ATTENTION: default value of option mesa_glthread overridden by environment.
1660662231959	Marionette	INFO	Marionette enabled
1660662231969	Marionette	INFO	Listening on port 37331
WebDriver BiDi listening on ws://localhost:44047
Read port: 37331
1660662232202	RemoteAgent	WARN	TLS certificate errors will be ignored for this session
console.warn: SearchSettings: "get: No settings file exists, new profile?" (new NotFoundError("Could not open the file at /tmp/rust_mozprofileKJh2RB/search.json.mozlz4", (void 0)))
Missing chrome or resource URL: resource://gre/modules/UpdateListener.jsm
Missing chrome or resource URL: resource://gre/modules/UpdateListener.sys.mjs
DevTools listening on ws://localhost:44047/devtools/browser/9b1778a3-9876-4e9a-8a05-651f3db98d03
Missing chrome or resource URL: resource://gre/modules/UpdateListener.jsm
Missing chrome or resource URL: resource://gre/modules/UpdateListener.sys.mjs
console.error: "Error during quit-application-granted: [Exception... \"File error: Not found\"  nsresult: \"0x80520012 (NS_ERROR_FILE_NOT_FOUND)\"  location: \"JS frame :: resource:///modules/BrowserGlue.jsm :: _onQuitApplicationGranted/tasks< :: line 2006\"  data: no]"
1660662239372	Marionette	INFO	Stopped listening on port 37331
console.warn: TopSitesFeed: Failed to fetch data from Contile server: NetworkError when attempting to fetch resource.
1660662254725	geckodriver	INFO	Listening on 127.0.0.1:41777
1660662255232	mozrunner::runner	INFO	Running command: "/usr/bin/firefox" "--marionette" "--remote-debugging-port" "38325" "--remote-allow-hosts" "localhost" "-no-remote" "-profile" "/tmp/rust_mozprofileETLg8S"
ATTENTION: default value of option mesa_glthread overridden by environment.
ATTENTION: default value of option mesa_glthread overridden by environment.
ATTENTION: default value of option mesa_glthread overridden by environment.
ATTENTION: default value of option mesa_glthread overridden by environment.
1660662256622	Marionette	INFO	Marionette enabled
1660662256627	Marionette	INFO	Listening on port 42827
Read port: 42827
WebDriver BiDi listening on ws://localhost:38325
1660662256838	RemoteAgent	WARN	TLS certificate errors will be ignored for this session
console.warn: SearchSettings: "get: No settings file exists, new profile?" (new NotFoundError("Could not open the file at /tmp/rust_mozprofileETLg8S/search.json.mozlz4", (void 0)))
Missing chrome or resource URL: resource://gre/modules/UpdateListener.jsm
Missing chrome or resource URL: resource://gre/modules/UpdateListener.sys.mjs
DevTools listening on ws://localhost:38325/devtools/browser/a246f20c-b869-4426-9fe0-c8f82bcc6f5d
1660662270325	geckodriver	INFO	Listening on 127.0.0.1:45155
1660662270333	mozrunner::runner	INFO	Running command: "/usr/bin/firefox" "--marionette" "--remote-debugging-port" "34099" "--remote-allow-hosts" "localhost" "-no-remote" "-profile" "/tmp/rust_mozprofile0LilWk"
ATTENTION: default value of option mesa_glthread overridden by environment.
ATTENTION: default value of option mesa_glthread overridden by environment.
ATTENTION: default value of option mesa_glthread overridden by environment.
ATTENTION: default value of option mesa_glthread overridden by environment.
1660662272321	Marionette	INFO	Marionette enabled
1660662272329	Marionette	INFO	Listening on port 34719
WebDriver BiDi listening on ws://localhost:34099
Read port: 34719
1660662272534	RemoteAgent	WARN	TLS certificate errors will be ignored for this session
console.warn: SearchSettings: "get: No settings file exists, new profile?" (new NotFoundError("Could not open the file at /tmp/rust_mozprofile0LilWk/search.json.mozlz4", (void 0)))
Missing chrome or resource URL: resource://gre/modules/UpdateListener.jsm
Missing chrome or resource URL: resource://gre/modules/UpdateListener.sys.mjs
DevTools listening on ws://localhost:34099/devtools/browser/4e457a6f-e522-43d9-9007-72c0f72d82f6
JavaScript warning: https://pagead2.googlesyndication.com/bg/nFxlsDypB7fADXJag6hgweS-nRuXDEO5nQJQNtw06Bw.js line 2 > eval line 1510 > eval line 1 > eval line 1 > eval, line 1: WEBGL_debug_renderer_info is deprecated in Firefox and will be removed. Please use RENDERER.
JavaScript error: , line 0: NetworkError: FetchEvent.respondWith() Promise rejected
JavaScript error: , line 0: NetworkError: FetchEvent.respondWith() Promise rejected
Missing chrome or resource URL: resource://gre/modules/UpdateListener.jsm
Missing chrome or resource URL: resource://gre/modules/UpdateListener.sys.mjs
console.error: "Error during quit-application-granted: [Exception... \"File error: Not found\"  nsresult: \"0x80520012 (NS_ERROR_FILE_NOT_FOUND)\"  location: \"JS frame :: resource:///modules/BrowserGlue.jsm :: _onQuitApplicationGranted/tasks< :: line 2006\"  data: no]"
1660662333533	Marionette	INFO	Stopped listening on port 34719
console.warn: TopSitesFeed: Failed to fetch data from Contile server: NetworkError when attempting to fetch resource.
Missing chrome or resource URL: resource://gre/modules/UpdateListener.jsm
Missing chrome or resource URL: resource://gre/modules/UpdateListener.sys.mjs
console.error: "Error during quit-application-granted: [Exception... \"File error: Not found\"  nsresult: \"0x80520012 (NS_ERROR_FILE_NOT_FOUND)\"  location: \"JS frame :: resource:///modules/BrowserGlue.jsm :: _onQuitApplicationGranted/tasks< :: line 2006\"  data: no]"
1660662342209	Marionette	INFO	Stopped listening on port 42827
console.warn: TopSitesFeed: Failed to fetch data from Contile server: NetworkError when attempting to fetch resource.
1660662445286	geckodriver	INFO	Listening on 127.0.0.1:52581
1660662445791	mozrunner::runner	INFO	Running command: "/usr/bin/firefox" "--marionette" "--remote-debugging-port" "43933" "--remote-allow-hosts" "localhost" "-no-remote" "-profile" "/tmp/rust_mozprofileNNx5VJ"
ATTENTION: default value of option mesa_glthread overridden by environment.
ATTENTION: default value of option mesa_glthread overridden by environment.
ATTENTION: default value of option mesa_glthread overridden by environment.
ATTENTION: default value of option mesa_glthread overridden by environment.
1660662447421	Marionette	INFO	Marionette enabled
1660662447428	Marionette	INFO	Listening on port 42215
WebDriver BiDi listening on ws://localhost:43933
Read port: 42215
1660662447662	RemoteAgent	WARN	TLS certificate errors will be ignored for this session
console.warn: SearchSettings: "get: No settings file exists, new profile?" (new NotFoundError("Could not open the file at /tmp/rust_mozprofileNNx5VJ/search.json.mozlz4", (void 0)))
Missing chrome or resource URL: resource://gre/modules/UpdateListener.jsm
Missing chrome or resource URL: resource://gre/modules/UpdateListener.sys.mjs
DevTools listening on ws://localhost:43933/devtools/browser/dd8cae15-1f91-4d11-8845-dee7c94dbbd1
JavaScript error: https://eus.rubiconproject.com/usync.js, line 4: SecurityError: The operation is insecure.
JavaScript warning: https://pagead2.googlesyndication.com/bg/nFxlsDypB7fADXJag6hgweS-nRuXDEO5nQJQNtw06Bw.js line 2 > eval line 1134 > eval line 1 > eval line 1 > eval, line 1: WEBGL_debug_renderer_info is deprecated in Firefox and will be removed. Please use RENDERER.
JavaScript error: , line 0: NetworkError: FetchEvent.respondWith() Promise rejected
JavaScript error: , line 0: NetworkError: FetchEvent.respondWith() Promise rejected
JavaScript warning: https://pagead2.googlesyndication.com/bg/KwAXiUICCFvapwcrMozVyugq_Wx4YR6m3c26cyMGyPI.js line 2 > eval line 513 > eval line 1 > eval line 1 > eval, line 1: WEBGL_debug_renderer_info is deprecated in Firefox and will be removed. Please use RENDERER.
Missing chrome or resource URL: resource://gre/modules/UpdateListener.jsm
Missing chrome or resource URL: resource://gre/modules/UpdateListener.sys.mjs
console.error: "Error during quit-application-granted: [Exception... \"File error: Not found\"  nsresult: \"0x80520012 (NS_ERROR_FILE_NOT_FOUND)\"  location: \"JS frame :: resource:///modules/BrowserGlue.jsm :: _onQuitApplicationGranted/tasks< :: line 2006\"  data: no]"
1660662532965	Marionette	INFO	Stopped listening on port 42215
console.warn: TopSitesFeed: Failed to fetch data from Contile server: NetworkError when attempting to fetch resource.
Sandbox: Unexpected EOF, op 0 flags 00 path /proc/cpuinfo
1660662648964	geckodriver	INFO	Listening on 127.0.0.1:34431
1660662649472	mozrunner::runner	INFO	Running command: "/usr/bin/firefox" "--marionette" "--remote-debugging-port" "42807" "--remote-allow-hosts" "localhost" "-no-remote" "-profile" "/tmp/rust_mozprofilexHnj5e"
ATTENTION: default value of option mesa_glthread overridden by environment.
ATTENTION: default value of option mesa_glthread overridden by environment.
ATTENTION: default value of option mesa_glthread overridden by environment.
ATTENTION: default value of option mesa_glthread overridden by environment.
1660662650701	Marionette	INFO	Marionette enabled
1660662650711	Marionette	INFO	Listening on port 34525
WebDriver BiDi listening on ws://localhost:42807
Read port: 34525
1660662650919	RemoteAgent	WARN	TLS certificate errors will be ignored for this session
console.warn: SearchSettings: "get: No settings file exists, new profile?" (new NotFoundError("Could not open the file at /tmp/rust_mozprofilexHnj5e/search.json.mozlz4", (void 0)))
Missing chrome or resource URL: resource://gre/modules/UpdateListener.jsm
Missing chrome or resource URL: resource://gre/modules/UpdateListener.sys.mjs
DevTools listening on ws://localhost:42807/devtools/browser/925c8ec2-2daa-446b-8569-1918582d517f
JavaScript error: , line 0: NotFoundError: No such JSWindowActor 'DevToolsFrame'
JavaScript error: , line 0: NotFoundError: No such JSWindowActor 'DevToolsFrame'
JavaScript warning: https://pagead2.googlesyndication.com/bg/nFxlsDypB7fADXJag6hgweS-nRuXDEO5nQJQNtw06Bw.js line 2 > eval line 6723 > eval line 1 > eval line 1 > eval, line 1: WEBGL_debug_renderer_info is deprecated in Firefox and will be removed. Please use RENDERER.
console.warn: LoginRecipes: "getRecipes: falling back to a synchronous message for:" "https://www.google.com"
console.warn: LoginRecipes: "getRecipes: falling back to a synchronous message for:" "https://www.google.com"
JavaScript warning: https://pagead2.googlesyndication.com/bg/nFxlsDypB7fADXJag6hgweS-nRuXDEO5nQJQNtw06Bw.js line 2 > eval line 1406 > eval line 1 > eval line 1 > eval, line 1: WEBGL_debug_renderer_info is deprecated in Firefox and will be removed. Please use RENDERER.
JavaScript warning: https://pagead2.googlesyndication.com/bg/nFxlsDypB7fADXJag6hgweS-nRuXDEO5nQJQNtw06Bw.js line 2 > eval line 6998 > eval line 1 > eval line 1 > eval, line 1: WEBGL_debug_renderer_info is deprecated in Firefox and will be removed. Please use RENDERER.
JavaScript error: , line 0: NotFoundError: No such JSWindowActor 'DevToolsFrame'
JavaScript error: , line 0: NotFoundError: No such JSWindowActor 'DevToolsFrame'
JavaScript error: , line 0: NotFoundError: No such JSWindowActor 'DevToolsFrame'
JavaScript error: , line 0: NotFoundError: No such JSWindowActor 'DevToolsFrame'
1660663130429	geckodriver	INFO	Listening on 127.0.0.1:36667
1660663130434	mozrunner::runner	INFO	Running command: "/usr/bin/firefox" "--marionette" "--remote-debugging-port" "45065" "--remote-allow-hosts" "localhost" "-no-remote" "-profile" "/tmp/rust_mozprofile3XkE06"
ATTENTION: default value of option mesa_glthread overridden by environment.
ATTENTION: default value of option mesa_glthread overridden by environment.
ATTENTION: default value of option mesa_glthread overridden by environment.
ATTENTION: default value of option mesa_glthread overridden by environment.
1660663131919	Marionette	INFO	Marionette enabled
1660663131925	Marionette	INFO	Listening on port 43799
WebDriver BiDi listening on ws://localhost:45065
Read port: 43799
1660663132157	RemoteAgent	WARN	TLS certificate errors will be ignored for this session
console.warn: SearchSettings: "get: No settings file exists, new profile?" (new NotFoundError("Could not open the file at /tmp/rust_mozprofile3XkE06/search.json.mozlz4", (void 0)))
Missing chrome or resource URL: resource://gre/modules/UpdateListener.jsm
Missing chrome or resource URL: resource://gre/modules/UpdateListener.sys.mjs
DevTools listening on ws://localhost:45065/devtools/browser/44204297-9d9a-479b-a47d-99e98f6ca51c
Missing chrome or resource URL: resource://gre/modules/UpdateListener.jsm
Missing chrome or resource URL: resource://gre/modules/UpdateListener.sys.mjs
console.error: "Error during quit-application-granted: [Exception... \"File error: Not found\"  nsresult: \"0x80520012 (NS_ERROR_FILE_NOT_FOUND)\"  location: \"JS frame :: resource:///modules/BrowserGlue.jsm :: _onQuitApplicationGranted/tasks< :: line 2006\"  data: no]"
1660663143373	Marionette	INFO	Stopped listening on port 43799
console.warn: TopSitesFeed: Failed to fetch data from Contile server: NetworkError when attempting to fetch resource.
1660663275655	geckodriver	INFO	Listening on 127.0.0.1:34491
1660663276164	mozrunner::runner	INFO	Running command: "/usr/bin/firefox" "--marionette" "--remote-debugging-port" "33993" "--remote-allow-hosts" "localhost" "-no-remote" "-profile" "/tmp/rust_mozprofilevCNoJu"
ATTENTION: default value of option mesa_glthread overridden by environment.
ATTENTION: default value of option mesa_glthread overridden by environment.
ATTENTION: default value of option mesa_glthread overridden by environment.
ATTENTION: default value of option mesa_glthread overridden by environment.
1660663277455	Marionette	INFO	Marionette enabled
1660663277462	Marionette	INFO	Listening on port 41099
Read port: 41099
WebDriver BiDi listening on ws://localhost:33993
1660663277661	RemoteAgent	WARN	TLS certificate errors will be ignored for this session
console.warn: SearchSettings: "get: No settings file exists, new profile?" (new NotFoundError("Could not open the file at /tmp/rust_mozprofilevCNoJu/search.json.mozlz4", (void 0)))
Missing chrome or resource URL: resource://gre/modules/UpdateListener.jsm
Missing chrome or resource URL: resource://gre/modules/UpdateListener.sys.mjs
DevTools listening on ws://localhost:33993/devtools/browser/a19edfaf-0bc6-4e24-91e1-44f4cb9f574b
JavaScript error: moz-extension://7eea85d0-6897-4102-8a7c-5d612385554b/background.js, line 10: Error: Could not establish connection. Receiving end does not exist.
JavaScript error: moz-extension://7eea85d0-6897-4102-8a7c-5d612385554b/background.js, line 10: Error: Could not establish connection. Receiving end does not exist.
JavaScript error: , line 0: NotFoundError: No such JSWindowActor 'DevToolsFrame'
JavaScript error: , line 0: NotFoundError: No such JSWindowActor 'DevToolsFrame'
Missing chrome or resource URL: resource://gre/modules/UpdateListener.jsm
Missing chrome or resource URL: resource://gre/modules/UpdateListener.sys.mjs
console.error: "Error during quit-application-granted: [Exception... \"File error: Not found\"  nsresult: \"0x80520012 (NS_ERROR_FILE_NOT_FOUND)\"  location: \"JS frame :: resource:///modules/BrowserGlue.jsm :: _onQuitApplicationGranted/tasks< :: line 2006\"  data: no]"
1660663407914	Marionette	INFO	Stopped listening on port 41099
console.warn: TopSitesFeed: Failed to fetch data from Contile server: NetworkError when attempting to fetch resource.
JavaScript error: , line 0: TypeError: NetworkError when attempting to fetch resource.
JavaScript error: , line 0: TypeError: NetworkError when attempting to fetch resource.
JavaScript error: , line 0: TypeError: NetworkError when attempting to fetch resource.
Missing chrome or resource URL: resource://gre/modules/UpdateListener.jsm
Missing chrome or resource URL: resource://gre/modules/UpdateListener.sys.mjs
console.error: "Error during quit-application-granted: [Exception... \"File error: Not found\"  nsresult: \"0x80520012 (NS_ERROR_FILE_NOT_FOUND)\"  location: \"JS frame :: resource:///modules/BrowserGlue.jsm :: _onQuitApplicationGranted/tasks< :: line 2006\"  data: no]"
1660663419473	Marionette	INFO	Stopped listening on port 34525
console.warn: TopSitesFeed: Failed to fetch data from Contile server: NetworkError when attempting to fetch resource.
Sandbox: Unexpected EOF, op 0 flags 00 path /proc/cpuinfo
1660663710644	geckodriver	INFO	Listening on 127.0.0.1:53329
1660663711154	mozrunner::runner	INFO	Running command: "/usr/bin/firefox" "--marionette" "--remote-debugging-port" "45245" "--remote-allow-hosts" "localhost" "-no-remote" "-profile" "/tmp/rust_mozprofileUHMu3u"
ATTENTION: default value of option mesa_glthread overridden by environment.
ATTENTION: default value of option mesa_glthread overridden by environment.
ATTENTION: default value of option mesa_glthread overridden by environment.
ATTENTION: default value of option mesa_glthread overridden by environment.
1660663712406	Marionette	INFO	Marionette enabled
1660663712415	Marionette	INFO	Listening on port 38629
WebDriver BiDi listening on ws://localhost:45245
Read port: 38629
1660663712626	RemoteAgent	WARN	TLS certificate errors will be ignored for this session
console.warn: SearchSettings: "get: No settings file exists, new profile?" (new NotFoundError("Could not open the file at /tmp/rust_mozprofileUHMu3u/search.json.mozlz4", (void 0)))
Missing chrome or resource URL: resource://gre/modules/UpdateListener.jsm
Missing chrome or resource URL: resource://gre/modules/UpdateListener.sys.mjs
DevTools listening on ws://localhost:45245/devtools/browser/194495ad-342f-4764-8d54-da82e88eb05f
console.error: Region.jsm: "Error fetching region" (new Error("TIMEOUT", "resource://gre/modules/Region.jsm", 769))
console.error: Region.jsm: "Failed to fetch region" (new Error("TIMEOUT", "resource://gre/modules/Region.jsm", 421))
1660663808085	geckodriver	INFO	Listening on 127.0.0.1:55431
1660663808600	mozrunner::runner	INFO	Running command: "/usr/bin/firefox" "--marionette" "--remote-debugging-port" "50437" "--remote-allow-hosts" "localhost" "-no-remote" "-profile" "/tmp/rust_mozprofileSp296h"
ATTENTION: default value of option mesa_glthread overridden by environment.
ATTENTION: default value of option mesa_glthread overridden by environment.
ATTENTION: default value of option mesa_glthread overridden by environment.
ATTENTION: default value of option mesa_glthread overridden by environment.
1660663813645	Marionette	INFO	Marionette enabled
1660663813677	Marionette	INFO	Listening on port 36089
Read port: 36089
WebDriver BiDi listening on ws://localhost:50437
1660663814307	RemoteAgent	WARN	TLS certificate errors will be ignored for this session
console.warn: SearchSettings: "get: No settings file exists, new profile?" (new NotFoundError("Could not open the file at /tmp/rust_mozprofileSp296h/search.json.mozlz4", (void 0)))
Missing chrome or resource URL: resource://gre/modules/UpdateListener.jsm
Missing chrome or resource URL: resource://gre/modules/UpdateListener.sys.mjs
DevTools listening on ws://localhost:50437/devtools/browser/40c0551e-c225-425a-bf21-8862b215bc3e
Missing chrome or resource URL: resource://gre/modules/UpdateListener.jsm
Missing chrome or resource URL: resource://gre/modules/UpdateListener.sys.mjs
console.error: "Error during quit-application-granted: [Exception... \"File error: Not found\"  nsresult: \"0x80520012 (NS_ERROR_FILE_NOT_FOUND)\"  location: \"JS frame :: resource:///modules/BrowserGlue.jsm :: _onQuitApplicationGranted/tasks< :: line 2006\"  data: no]"
1660663849907	Marionette	INFO	Stopped listening on port 36089
console.warn: TopSitesFeed: Failed to fetch data from Contile server: NetworkError when attempting to fetch resource.
JavaScript error: , line 0: NetworkError: FetchEvent.respondWith() Promise rejected
JavaScript error: , line 0: NetworkError: FetchEvent.respondWith() Promise rejected
JavaScript error: , line 0: NetworkError: FetchEvent.respondWith() Promise rejected
1660687913211	geckodriver	INFO	Listening on 127.0.0.1:37919
1660687913719	mozrunner::runner	INFO	Running command: "/usr/bin/firefox" "--marionette" "--remote-debugging-port" "56551" "--remote-allow-hosts" "localhost" "-no-remote" "-profile" "/tmp/rust_mozprofileeIKXvI"
ATTENTION: default value of option mesa_glthread overridden by environment.
ATTENTION: default value of option mesa_glthread overridden by environment.
ATTENTION: default value of option mesa_glthread overridden by environment.
ATTENTION: default value of option mesa_glthread overridden by environment.
1660687914939	Marionette	INFO	Marionette enabled
1660687914947	Marionette	INFO	Listening on port 42383
WebDriver BiDi listening on ws://localhost:56551
Read port: 42383
1660687915196	RemoteAgent	WARN	TLS certificate errors will be ignored for this session
console.warn: SearchSettings: "get: No settings file exists, new profile?" (new NotFoundError("Could not open the file at /tmp/rust_mozprofileeIKXvI/search.json.mozlz4", (void 0)))
Missing chrome or resource URL: resource://gre/modules/UpdateListener.jsm
Missing chrome or resource URL: resource://gre/modules/UpdateListener.sys.mjs
DevTools listening on ws://localhost:56551/devtools/browser/f055fe9d-bd47-40b7-9239-ebe58b5a3846
1660687919400	Marionette	INFO	Stopped listening on port 42383
Missing chrome or resource URL: resource://gre/modules/UpdateListener.jsm
Missing chrome or resource URL: resource://gre/modules/UpdateListener.sys.mjs
console.error: "Error during quit-application-granted: [Exception... \"File error: Not found\"  nsresult: \"0x80520012 (NS_ERROR_FILE_NOT_FOUND)\"  location: \"JS frame :: resource:///modules/BrowserGlue.jsm :: _onQuitApplicationGranted/tasks< :: line 2006\"  data: no]"
1660687929320	geckodriver	INFO	Listening on 127.0.0.1:49845
1660687929828	mozrunner::runner	INFO	Running command: "/usr/bin/firefox" "--marionette" "--remote-debugging-port" "34127" "--remote-allow-hosts" "localhost" "-no-remote" "-profile" "/tmp/rust_mozprofilehGY6JC"
ATTENTION: default value of option mesa_glthread overridden by environment.
ATTENTION: default value of option mesa_glthread overridden by environment.
ATTENTION: default value of option mesa_glthread overridden by environment.
ATTENTION: default value of option mesa_glthread overridden by environment.
1660687931084	Marionette	INFO	Marionette enabled
1660687931091	Marionette	INFO	Listening on port 39139
WebDriver BiDi listening on ws://localhost:34127
Read port: 39139
1660687931289	RemoteAgent	WARN	TLS certificate errors will be ignored for this session
console.warn: SearchSettings: "get: No settings file exists, new profile?" (new NotFoundError("Could not open the file at /tmp/rust_mozprofilehGY6JC/search.json.mozlz4", (void 0)))
Missing chrome or resource URL: resource://gre/modules/UpdateListener.jsm
Missing chrome or resource URL: resource://gre/modules/UpdateListener.sys.mjs
DevTools listening on ws://localhost:34127/devtools/browser/670554d7-f6e7-44cf-a257-4fda062f1504
1660688152915	geckodriver	INFO	Listening on 127.0.0.1:58099
1660688153423	mozrunner::runner	INFO	Running command: "/usr/bin/firefox" "--marionette" "--remote-debugging-port" "55157" "--remote-allow-hosts" "localhost" "-no-remote" "-profile" "/tmp/rust_mozprofileucRtSM"
ATTENTION: default value of option mesa_glthread overridden by environment.
ATTENTION: default value of option mesa_glthread overridden by environment.
ATTENTION: default value of option mesa_glthread overridden by environment.
ATTENTION: default value of option mesa_glthread overridden by environment.
1660688154790	Marionette	INFO	Marionette enabled
1660688154801	Marionette	INFO	Listening on port 44337
WebDriver BiDi listening on ws://localhost:55157
Read port: 44337
1660688155009	RemoteAgent	WARN	TLS certificate errors will be ignored for this session
console.warn: SearchSettings: "get: No settings file exists, new profile?" (new NotFoundError("Could not open the file at /tmp/rust_mozprofileucRtSM/search.json.mozlz4", (void 0)))
Missing chrome or resource URL: resource://gre/modules/UpdateListener.jsm
Missing chrome or resource URL: resource://gre/modules/UpdateListener.sys.mjs
DevTools listening on ws://localhost:55157/devtools/browser/6579bf4b-dec7-4624-9a7e-0206144d6eef
1660688163990	Marionette	INFO	Stopped listening on port 44337
Missing chrome or resource URL: resource://gre/modules/UpdateListener.jsm
Missing chrome or resource URL: resource://gre/modules/UpdateListener.sys.mjs
console.error: "Error during quit-application-granted: [Exception... \"File error: Not found\"  nsresult: \"0x80520012 (NS_ERROR_FILE_NOT_FOUND)\"  location: \"JS frame :: resource:///modules/BrowserGlue.jsm :: _onQuitApplicationGranted/tasks< :: line 2006\"  data: no]"
Sandbox: Unexpected EOF, op 0 flags 00 path /proc/cpuinfo
1660688192252	geckodriver	INFO	Listening on 127.0.0.1:51365
1660688192761	mozrunner::runner	INFO	Running command: "/usr/bin/firefox" "--marionette" "--remote-debugging-port" "59449" "--remote-allow-hosts" "localhost" "-no-remote" "-profile" "/tmp/rust_mozprofileztqMxH"
ATTENTION: default value of option mesa_glthread overridden by environment.
ATTENTION: default value of option mesa_glthread overridden by environment.
ATTENTION: default value of option mesa_glthread overridden by environment.
ATTENTION: default value of option mesa_glthread overridden by environment.
1660688193954	Marionette	INFO	Marionette enabled
1660688193962	Marionette	INFO	Listening on port 43783
Read port: 43783
WebDriver BiDi listening on ws://localhost:59449
1660688194198	RemoteAgent	WARN	TLS certificate errors will be ignored for this session
console.warn: SearchSettings: "get: No settings file exists, new profile?" (new NotFoundError("Could not open the file at /tmp/rust_mozprofileztqMxH/search.json.mozlz4", (void 0)))
Missing chrome or resource URL: resource://gre/modules/UpdateListener.jsm
Missing chrome or resource URL: resource://gre/modules/UpdateListener.sys.mjs
DevTools listening on ws://localhost:59449/devtools/browser/eb4a6495-07cf-435c-8977-0a6facce7bd4
1660688202637	Marionette	INFO	Stopped listening on port 43783
Missing chrome or resource URL: resource://gre/modules/UpdateListener.jsm
Missing chrome or resource URL: resource://gre/modules/UpdateListener.sys.mjs
console.error: "Error during quit-application-granted: [Exception... \"File error: Not found\"  nsresult: \"0x80520012 (NS_ERROR_FILE_NOT_FOUND)\"  location: \"JS frame :: resource:///modules/BrowserGlue.jsm :: _onQuitApplicationGranted/tasks< :: line 2006\"  data: no]"
JavaScript error: , line 0: NetworkError: FetchEvent.respondWith() Promise rejected
JavaScript error: , line 0: NetworkError: FetchEvent.respondWith() Promise rejected
JavaScript error: , line 0: NetworkError: FetchEvent.respondWith() Promise rejected
JavaScript error: , line 0: NetworkError: FetchEvent.respondWith() Promise rejected
JavaScript error: , line 0: NetworkError: FetchEvent.respondWith() Promise rejected
JavaScript error: , line 0: NetworkError: FetchEvent.respondWith() Promise rejected
JavaScript error: , line 0: NetworkError: FetchEvent.respondWith() Promise rejected
1660688227889	geckodriver	INFO	Listening on 127.0.0.1:54209
1660688228396	mozrunner::runner	INFO	Running command: "/usr/bin/firefox" "--marionette" "--remote-debugging-port" "59001" "--remote-allow-hosts" "localhost" "-no-remote" "-profile" "/tmp/rust_mozprofileSF1iHt"
ATTENTION: default value of option mesa_glthread overridden by environment.
ATTENTION: default value of option mesa_glthread overridden by environment.
ATTENTION: default value of option mesa_glthread overridden by environment.
ATTENTION: default value of option mesa_glthread overridden by environment.
1660688229703	Marionette	INFO	Marionette enabled
1660688229710	Marionette	INFO	Listening on port 43417
WebDriver BiDi listening on ws://localhost:59001
Read port: 43417
1660688229945	RemoteAgent	WARN	TLS certificate errors will be ignored for this session
console.warn: SearchSettings: "get: No settings file exists, new profile?" (new NotFoundError("Could not open the file at /tmp/rust_mozprofileSF1iHt/search.json.mozlz4", (void 0)))
Missing chrome or resource URL: resource://gre/modules/UpdateListener.jsm
Missing chrome or resource URL: resource://gre/modules/UpdateListener.sys.mjs
DevTools listening on ws://localhost:59001/devtools/browser/47362516-c98d-4b22-908f-de677d6814f8
JavaScript error: https://eus.rubiconproject.com/usync.js, line 4: SecurityError: The operation is insecure.
JavaScript error: , line 0: NetworkError: FetchEvent.respondWith() Promise rejected
Missing chrome or resource URL: resource://gre/modules/UpdateListener.jsm
Missing chrome or resource URL: resource://gre/modules/UpdateListener.sys.mjs
console.error: "Error during quit-application-granted: [Exception... \"File error: Not found\"  nsresult: \"0x80520012 (NS_ERROR_FILE_NOT_FOUND)\"  location: \"JS frame :: resource:///modules/BrowserGlue.jsm :: _onQuitApplicationGranted/tasks< :: line 2006\"  data: no]"
1660688243423	Marionette	INFO	Stopped listening on port 43417
console.warn: TopSitesFeed: Failed to fetch data from Contile server: NetworkError when attempting to fetch resource.
JavaScript error: , line 0: NetworkError: FetchEvent.respondWith() Promise rejected
JavaScript error: , line 0: NetworkError: FetchEvent.respondWith() Promise rejected
JavaScript error: , line 0: NetworkError: FetchEvent.respondWith() Promise rejected
1660721644111	geckodriver	INFO	Listening on 127.0.0.1:46143
1660721644617	mozrunner::runner	INFO	Running command: "/usr/bin/firefox" "--marionette" "--remote-debugging-port" "55691" "--remote-allow-hosts" "localhost" "-no-remote" "-profile" "/tmp/rust_mozprofileligLr4"
ATTENTION: default value of option mesa_glthread overridden by environment.
ATTENTION: default value of option mesa_glthread overridden by environment.
ATTENTION: default value of option mesa_glthread overridden by environment.
ATTENTION: default value of option mesa_glthread overridden by environment.
1660721646057	Marionette	INFO	Marionette enabled
1660721646067	Marionette	INFO	Listening on port 41855
WebDriver BiDi listening on ws://localhost:55691
Read port: 41855
1660721646311	RemoteAgent	WARN	TLS certificate errors will be ignored for this session
console.warn: SearchSettings: "get: No settings file exists, new profile?" (new NotFoundError("Could not open the file at /tmp/rust_mozprofileligLr4/search.json.mozlz4", (void 0)))
Missing chrome or resource URL: resource://gre/modules/UpdateListener.jsm
Missing chrome or resource URL: resource://gre/modules/UpdateListener.sys.mjs
DevTools listening on ws://localhost:55691/devtools/browser/13add241-76c8-40b0-a4e8-234c0d7368cc
JavaScript error: , line 0: NetworkError: FetchEvent.respondWith() Promise rejected
JavaScript error: https://eus.rubiconproject.com/usync.js, line 4: SecurityError: The operation is insecure.
JavaScript warning: https://pagead2.googlesyndication.com/bg/nFxlsDypB7fADXJag6hgweS-nRuXDEO5nQJQNtw06Bw.js line 2 > eval line 3858 > eval line 1 > eval line 1 > eval, line 1: WEBGL_debug_renderer_info is deprecated in Firefox and will be removed. Please use RENDERER.
JavaScript error: , line 0: uncaught exception: 7
JavaScript error: , line 0: NetworkError: FetchEvent.respondWith() Promise rejected
JavaScript error: , line 0: NetworkError: FetchEvent.respondWith() Promise rejected
JavaScript error: javascript:void;, line 1: SyntaxError: expected expression, got ';'
JavaScript warning: https://pagead2.googlesyndication.com/bg/lIG_-rjQweUtsPTJkqViasoL1XPo6OtXzg5InKx-NMQ.js line 2 > eval line 2290 > eval line 1 > eval line 1 > eval, line 1: WEBGL_debug_renderer_info is deprecated in Firefox and will be removed. Please use RENDERER.
JavaScript error: https://eus.rubiconproject.com/usync.js, line 4: SecurityError: The operation is insecure.
JavaScript error: , line 0: NetworkError: FetchEvent.respondWith() Promise rejected
JavaScript error: javascript:void;, line 1: SyntaxError: expected expression, got ';'
JavaScript warning: https://pagead2.googlesyndication.com/bg/lIG_-rjQweUtsPTJkqViasoL1XPo6OtXzg5InKx-NMQ.js line 2 > eval line 636 > eval line 1 > eval line 1 > eval, line 1: WEBGL_debug_renderer_info is deprecated in Firefox and will be removed. Please use RENDERER.
JavaScript warning: https://pagead2.googlesyndication.com/bg/lIG_-rjQweUtsPTJkqViasoL1XPo6OtXzg5InKx-NMQ.js line 2 > eval line 3862 > eval line 1 > eval line 1 > eval, line 1: WEBGL_debug_renderer_info is deprecated in Firefox and will be removed. Please use RENDERER.
JavaScript error: resource://gre/modules/ConduitsChild.jsm, line 112: Error: sendRemoveListener on closed conduit ruto@testleaf.com.137438953811
Missing chrome or resource URL: resource://gre/modules/UpdateListener.jsm
Missing chrome or resource URL: resource://gre/modules/UpdateListener.sys.mjs
console.error: "Error during quit-application-granted: [Exception... \"File error: Not found\"  nsresult: \"0x80520012 (NS_ERROR_FILE_NOT_FOUND)\"  location: \"JS frame :: resource:///modules/BrowserGlue.jsm :: _onQuitApplicationGranted/tasks< :: line 2006\"  data: no]"
1660721902008	Marionette	INFO	Stopped listening on port 41855
console.warn: TopSitesFeed: Failed to fetch data from Contile server: NetworkError when attempting to fetch resource.
JavaScript error: resource://gre/modules/ConduitsChild.jsm, line 112: Error: sendRemoveListener on closed conduit ruto@testleaf.com.137438953731
JavaScript error: resource://gre/modules/AsyncShutdown.jsm, line 577: NotFoundError: No such JSWindowActor 'DevToolsFrame'
JavaScript error: resource://gre/modules/AsyncShutdown.jsm, line 577: NotFoundError: No such JSWindowActor 'DevToolsFrame'
Missing chrome or resource URL: resource://gre/modules/UpdateListener.jsm
Missing chrome or resource URL: resource://gre/modules/UpdateListener.sys.mjs
console.error: "Error during quit-application-granted: [Exception... \"File error: Not found\"  nsresult: \"0x80520012 (NS_ERROR_FILE_NOT_FOUND)\"  location: \"JS frame :: resource:///modules/BrowserGlue.jsm :: _onQuitApplicationGranted/tasks< :: line 2006\"  data: no]"
1660721906646	Marionette	INFO	Stopped listening on port 39139
JavaScript error: resource://gre/modules/AsyncShutdown.jsm, line 577: NotFoundError: No such JSWindowActor 'DevToolsFrame'
JavaScript error: resource://gre/modules/AsyncShutdown.jsm, line 577: NotFoundError: No such JSWindowActor 'DevToolsFrame'
Missing chrome or resource URL: resource://gre/modules/UpdateListener.jsm
Missing chrome or resource URL: resource://gre/modules/UpdateListener.sys.mjs
console.error: "Error during quit-application-granted: [Exception... \"File error: Not found\"  nsresult: \"0x80520012 (NS_ERROR_FILE_NOT_FOUND)\"  location: \"JS frame :: resource:///modules/BrowserGlue.jsm :: _onQuitApplicationGranted/tasks< :: line 2006\"  data: no]"
1660721910447	Marionette	INFO	Stopped listening on port 38629
1660721915793	geckodriver	INFO	Listening on 127.0.0.1:42067
1660721916302	mozrunner::runner	INFO	Running command: "/usr/bin/firefox" "--marionette" "--remote-debugging-port" "52247" "--remote-allow-hosts" "localhost" "-no-remote" "-profile" "/tmp/rust_mozprofilehjSQOz"
ATTENTION: default value of option mesa_glthread overridden by environment.
ATTENTION: default value of option mesa_glthread overridden by environment.
ATTENTION: default value of option mesa_glthread overridden by environment.
ATTENTION: default value of option mesa_glthread overridden by environment.
1660721917708	Marionette	INFO	Marionette enabled
1660721917722	Marionette	INFO	Listening on port 33917
WebDriver BiDi listening on ws://localhost:52247
Read port: 33917
1660721917925	RemoteAgent	WARN	TLS certificate errors will be ignored for this session
console.warn: SearchSettings: "get: No settings file exists, new profile?" (new NotFoundError("Could not open the file at /tmp/rust_mozprofilehjSQOz/search.json.mozlz4", (void 0)))
Missing chrome or resource URL: resource://gre/modules/UpdateListener.jsm
Missing chrome or resource URL: resource://gre/modules/UpdateListener.sys.mjs
DevTools listening on ws://localhost:52247/devtools/browser/67cba311-b69e-45e7-9e19-05447e1a98af
console.error: Region.jsm: "Error fetching region" (new Error("TIMEOUT", "resource://gre/modules/Region.jsm", 769))
console.error: Region.jsm: "Failed to fetch region" (new Error("TIMEOUT", "resource://gre/modules/Region.jsm", 421))
JavaScript error: , line 0: NetworkError: FetchEvent.respondWith() Promise rejected
JavaScript warning: https://pagead2.googlesyndication.com/bg/nFxlsDypB7fADXJag6hgweS-nRuXDEO5nQJQNtw06Bw.js line 2 > eval line 2905 > eval line 1 > eval line 1 > eval, line 1: WEBGL_debug_renderer_info is deprecated in Firefox and will be removed. Please use RENDERER.
JavaScript error: , line 0: NetworkError: FetchEvent.respondWith() Promise rejected
JavaScript error: https://eus.rubiconproject.com/usync.js, line 4: SecurityError: The operation is insecure.
Missing chrome or resource URL: resource://gre/modules/UpdateListener.jsm
Missing chrome or resource URL: resource://gre/modules/UpdateListener.sys.mjs
console.error: "Error during quit-application-granted: [Exception... \"File error: Not found\"  nsresult: \"0x80520012 (NS_ERROR_FILE_NOT_FOUND)\"  location: \"JS frame :: resource:///modules/BrowserGlue.jsm :: _onQuitApplicationGranted/tasks< :: line 2006\"  data: no]"
1660721943468	Marionette	INFO	Stopped listening on port 33917
console.warn: TopSitesFeed: Failed to fetch data from Contile server: NetworkError when attempting to fetch resource.
1660721959469	geckodriver	INFO	Listening on 127.0.0.1:51383
1660721959978	mozrunner::runner	INFO	Running command: "/usr/bin/firefox" "--marionette" "--remote-debugging-port" "50295" "--remote-allow-hosts" "localhost" "-no-remote" "-profile" "/tmp/rust_mozprofileVKYf9H"
ATTENTION: default value of option mesa_glthread overridden by environment.
ATTENTION: default value of option mesa_glthread overridden by environment.
ATTENTION: default value of option mesa_glthread overridden by environment.
ATTENTION: default value of option mesa_glthread overridden by environment.
1660721961207	Marionette	INFO	Marionette enabled
1660721961217	Marionette	INFO	Listening on port 40471
WebDriver BiDi listening on ws://localhost:50295
Read port: 40471
1660721961424	RemoteAgent	WARN	TLS certificate errors will be ignored for this session
console.warn: SearchSettings: "get: No settings file exists, new profile?" (new NotFoundError("Could not open the file at /tmp/rust_mozprofileVKYf9H/search.json.mozlz4", (void 0)))
Missing chrome or resource URL: resource://gre/modules/UpdateListener.jsm
Missing chrome or resource URL: resource://gre/modules/UpdateListener.sys.mjs
DevTools listening on ws://localhost:50295/devtools/browser/c0957c97-c48b-4203-81d1-51183a0581fe
Missing chrome or resource URL: resource://gre/modules/UpdateListener.jsm
Missing chrome or resource URL: resource://gre/modules/UpdateListener.sys.mjs
console.error: "Error during quit-application-granted: [Exception... \"File error: Not found\"  nsresult: \"0x80520012 (NS_ERROR_FILE_NOT_FOUND)\"  location: \"JS frame :: resource:///modules/BrowserGlue.jsm :: _onQuitApplicationGranted/tasks< :: line 2006\"  data: no]"
1660721964459	Marionette	INFO	Stopped listening on port 40471
console.warn: TopSitesFeed: Failed to fetch data from Contile server: NetworkError when attempting to fetch resource.
1660722020605	geckodriver	INFO	Listening on 127.0.0.1:49863
1660722021113	mozrunner::runner	INFO	Running command: "/usr/bin/firefox" "--marionette" "--remote-debugging-port" "48391" "--remote-allow-hosts" "localhost" "-no-remote" "-profile" "/tmp/rust_mozprofileU5Dljk"
ATTENTION: default value of option mesa_glthread overridden by environment.
ATTENTION: default value of option mesa_glthread overridden by environment.
ATTENTION: default value of option mesa_glthread overridden by environment.
ATTENTION: default value of option mesa_glthread overridden by environment.
1660722022306	Marionette	INFO	Marionette enabled
1660722022315	Marionette	INFO	Listening on port 42439
WebDriver BiDi listening on ws://localhost:48391
Read port: 42439
1660722022646	RemoteAgent	WARN	TLS certificate errors will be ignored for this session
console.warn: SearchSettings: "get: No settings file exists, new profile?" (new NotFoundError("Could not open the file at /tmp/rust_mozprofileU5Dljk/search.json.mozlz4", (void 0)))
Missing chrome or resource URL: resource://gre/modules/UpdateListener.jsm
Missing chrome or resource URL: resource://gre/modules/UpdateListener.sys.mjs
DevTools listening on ws://localhost:48391/devtools/browser/505956f3-4962-41f8-beac-3acdb22cdd28
1660722035515	Marionette	INFO	Stopped listening on port 42439
Missing chrome or resource URL: resource://gre/modules/UpdateListener.jsm
Missing chrome or resource URL: resource://gre/modules/UpdateListener.sys.mjs
console.error: "Error during quit-application-granted: [Exception... \"File error: Not found\"  nsresult: \"0x80520012 (NS_ERROR_FILE_NOT_FOUND)\"  location: \"JS frame :: resource:///modules/BrowserGlue.jsm :: _onQuitApplicationGranted/tasks< :: line 2006\"  data: no]"
1660722041799	geckodriver	INFO	Listening on 127.0.0.1:38893
1660722042308	mozrunner::runner	INFO	Running command: "/usr/bin/firefox" "--marionette" "--remote-debugging-port" "35727" "--remote-allow-hosts" "localhost" "-no-remote" "-profile" "/tmp/rust_mozprofile9Wk27P"
ATTENTION: default value of option mesa_glthread overridden by environment.
ATTENTION: default value of option mesa_glthread overridden by environment.
ATTENTION: default value of option mesa_glthread overridden by environment.
ATTENTION: default value of option mesa_glthread overridden by environment.
1660722043553	Marionette	INFO	Marionette enabled
1660722043561	Marionette	INFO	Listening on port 42093
WebDriver BiDi listening on ws://localhost:35727
Read port: 42093
1660722043734	RemoteAgent	WARN	TLS certificate errors will be ignored for this session
console.warn: SearchSettings: "get: No settings file exists, new profile?" (new NotFoundError("Could not open the file at /tmp/rust_mozprofile9Wk27P/search.json.mozlz4", (void 0)))
Missing chrome or resource URL: resource://gre/modules/UpdateListener.jsm
Missing chrome or resource URL: resource://gre/modules/UpdateListener.sys.mjs
DevTools listening on ws://localhost:35727/devtools/browser/432f02cb-a725-4cf9-9a47-3a65ba88addb
1660722053498	Marionette	INFO	Stopped listening on port 42093
Missing chrome or resource URL: resource://gre/modules/UpdateListener.jsm
Missing chrome or resource URL: resource://gre/modules/UpdateListener.sys.mjs
console.error: "Error during quit-application-granted: [Exception... \"File error: Not found\"  nsresult: \"0x80520012 (NS_ERROR_FILE_NOT_FOUND)\"  location: \"JS frame :: resource:///modules/BrowserGlue.jsm :: _onQuitApplicationGranted/tasks< :: line 2006\"  data: no]"
JavaScript error: , line 0: NetworkError: FetchEvent.respondWith() Promise rejected
Sandbox: Unexpected EOF, op 0 flags 00 path /proc/cpuinfo
1660722207992	geckodriver	INFO	Listening on 127.0.0.1:46169
1660722208503	mozrunner::runner	INFO	Running command: "/usr/bin/firefox" "--marionette" "--remote-debugging-port" "46469" "--remote-allow-hosts" "localhost" "-no-remote" "-profile" "/tmp/rust_mozprofileXiDoFn"
ATTENTION: default value of option mesa_glthread overridden by environment.
ATTENTION: default value of option mesa_glthread overridden by environment.
ATTENTION: default value of option mesa_glthread overridden by environment.
ATTENTION: default value of option mesa_glthread overridden by environment.
1660722209868	Marionette	INFO	Marionette enabled
1660722209878	Marionette	INFO	Listening on port 36441
WebDriver BiDi listening on ws://localhost:46469
Read port: 36441
1660722210125	RemoteAgent	WARN	TLS certificate errors will be ignored for this session
console.warn: SearchSettings: "get: No settings file exists, new profile?" (new NotFoundError("Could not open the file at /tmp/rust_mozprofileXiDoFn/search.json.mozlz4", (void 0)))
Missing chrome or resource URL: resource://gre/modules/UpdateListener.jsm
Missing chrome or resource URL: resource://gre/modules/UpdateListener.sys.mjs
DevTools listening on ws://localhost:46469/devtools/browser/9f046bfc-0351-47a8-9803-9348ecd5d7d3
JavaScript error: , line 0: NetworkError: FetchEvent.respondWith() Promise rejected
JavaScript error: https://eus.rubiconproject.com/usync.js, line 4: SecurityError: The operation is insecure.
JavaScript warning: https://pagead2.googlesyndication.com/bg/nFxlsDypB7fADXJag6hgweS-nRuXDEO5nQJQNtw06Bw.js line 2 > eval line 4877 > eval line 1 > eval line 1 > eval, line 1: WEBGL_debug_renderer_info is deprecated in Firefox and will be removed. Please use RENDERER.
JavaScript error: , line 0: NetworkError: FetchEvent.respondWith() Promise rejected
JavaScript warning: https://pagead2.googlesyndication.com/bg/nFxlsDypB7fADXJag6hgweS-nRuXDEO5nQJQNtw06Bw.js line 2 > eval line 1958 > eval line 1 > eval line 1 > eval, line 1: WEBGL_debug_renderer_info is deprecated in Firefox and will be removed. Please use RENDERER.
JavaScript warning: https://pagead2.googlesyndication.com/bg/nFxlsDypB7fADXJag6hgweS-nRuXDEO5nQJQNtw06Bw.js line 2 > eval line 7782 > eval line 1 > eval line 1 > eval, line 1: WEBGL_debug_renderer_info is deprecated in Firefox and will be removed. Please use RENDERER.
JavaScript warning: https://pagead2.googlesyndication.com/bg/nFxlsDypB7fADXJag6hgweS-nRuXDEO5nQJQNtw06Bw.js line 2 > eval line 1109 > eval line 1 > eval line 1 > eval, line 1: WEBGL_debug_renderer_info is deprecated in Firefox and will be removed. Please use RENDERER.
JavaScript warning: https://pagead2.googlesyndication.com/bg/nFxlsDypB7fADXJag6hgweS-nRuXDEO5nQJQNtw06Bw.js line 2 > eval line 1633 > eval line 1 > eval line 1 > eval, line 1: WEBGL_debug_renderer_info is deprecated in Firefox and will be removed. Please use RENDERER.
JavaScript warning: https://pagead2.googlesyndication.com/bg/nFxlsDypB7fADXJag6hgweS-nRuXDEO5nQJQNtw06Bw.js line 2 > eval line 2311 > eval line 1 > eval line 1 > eval, line 1: WEBGL_debug_renderer_info is deprecated in Firefox and will be removed. Please use RENDERER.
JavaScript warning: https://cdn.js7k.com/rq/iv/inside-1.js, line 1: WEBGL_debug_renderer_info is deprecated in Firefox and will be removed. Please use RENDERER.
JavaScript warning: https://cdn.js7k.com/rq/iv/inside-1.js, line 1: WEBGL_debug_renderer_info is deprecated in Firefox and will be removed. Please use RENDERER.
JavaScript warning: https://cdn.js7k.com/rq/iv/inside-1.js, line 1: WEBGL_debug_renderer_info is deprecated in Firefox and will be removed. Please use RENDERER.
JavaScript warning: https://cdn.js7k.com/rq/iv/inside-1.js, line 1: WEBGL_debug_renderer_info is deprecated in Firefox and will be removed. Please use RENDERER.
Missing chrome or resource URL: resource://gre/modules/UpdateListener.jsm
Missing chrome or resource URL: resource://gre/modules/UpdateListener.sys.mjs
console.error: "Error during quit-application-granted: [Exception... \"File error: Not found\"  nsresult: \"0x80520012 (NS_ERROR_FILE_NOT_FOUND)\"  location: \"JS frame :: resource:///modules/BrowserGlue.jsm :: _onQuitApplicationGranted/tasks< :: line 2006\"  data: no]"
1660722491763	Marionette	INFO	Stopped listening on port 36441
JavaScript error: , line 0: TypeError: NetworkError when attempting to fetch resource.
JavaScript error: , line 0: TypeError: NetworkError when attempting to fetch resource.
JavaScript error: , line 0: TypeError: NetworkError when attempting to fetch resource.
JavaScript error: , line 0: TypeError: NetworkError when attempting to fetch resource.
JavaScript error: , line 0: TypeError: NetworkError when attempting to fetch resource.
JavaScript error: , line 0: TypeError: NetworkError when attempting to fetch resource.
JavaScript error: , line 0: TypeError: NetworkError when attempting to fetch resource.
JavaScript error: , line 0: TypeError: NetworkError when attempting to fetch resource.
JavaScript error: , line 0: TypeError: NetworkError when attempting to fetch resource.
JavaScript error: , line 0: TypeError: NetworkError when attempting to fetch resource.
JavaScript error: , line 0: TypeError: NetworkError when attempting to fetch resource.
JavaScript error: , line 0: TypeError: NetworkError when attempting to fetch resource.
console.warn: TopSitesFeed: Failed to fetch data from Contile server: NetworkError when attempting to fetch resource.
1660722719433	geckodriver	INFO	Listening on 127.0.0.1:58015
1660722719938	mozrunner::runner	INFO	Running command: "/usr/bin/firefox" "--marionette" "--remote-debugging-port" "60603" "--remote-allow-hosts" "localhost" "-no-remote" "-profile" "/tmp/rust_mozprofileZyK5PA"
ATTENTION: default value of option mesa_glthread overridden by environment.
ATTENTION: default value of option mesa_glthread overridden by environment.
ATTENTION: default value of option mesa_glthread overridden by environment.
ATTENTION: default value of option mesa_glthread overridden by environment.
1660722721355	Marionette	INFO	Marionette enabled
1660722721366	Marionette	INFO	Listening on port 44895
WebDriver BiDi listening on ws://localhost:60603
Read port: 44895
1660722721570	RemoteAgent	WARN	TLS certificate errors will be ignored for this session
console.warn: SearchSettings: "get: No settings file exists, new profile?" (new NotFoundError("Could not open the file at /tmp/rust_mozprofileZyK5PA/search.json.mozlz4", (void 0)))
Missing chrome or resource URL: resource://gre/modules/UpdateListener.jsm
Missing chrome or resource URL: resource://gre/modules/UpdateListener.sys.mjs
DevTools listening on ws://localhost:60603/devtools/browser/45435d6f-72d5-48ed-bece-cb37d0797df1
JavaScript error: , line 0: NetworkError: FetchEvent.respondWith() Promise rejected
JavaScript error: https://eus.rubiconproject.com/usync.js, line 4: SecurityError: The operation is insecure.
JavaScript warning: https://pagead2.googlesyndication.com/bg/nFxlsDypB7fADXJag6hgweS-nRuXDEO5nQJQNtw06Bw.js line 2 > eval line 5915 > eval line 1 > eval line 1 > eval, line 1: WEBGL_debug_renderer_info is deprecated in Firefox and will be removed. Please use RENDERER.
JavaScript error: , line 0: NetworkError: FetchEvent.respondWith() Promise rejected
JavaScript warning: https://pagead2.googlesyndication.com/bg/nFxlsDypB7fADXJag6hgweS-nRuXDEO5nQJQNtw06Bw.js line 2 > eval line 5804 > eval line 1 > eval line 1 > eval, line 1: WEBGL_debug_renderer_info is deprecated in Firefox and will be removed. Please use RENDERER.
JavaScript warning: https://pagead2.googlesyndication.com/bg/lIG_-rjQweUtsPTJkqViasoL1XPo6OtXzg5InKx-NMQ.js line 2 > eval line 7471 > eval line 1 > eval line 1 > eval, line 1: WEBGL_debug_renderer_info is deprecated in Firefox and will be removed. Please use RENDERER.
console.warn: LoginRecipes: "getRecipes: falling back to a synchronous message for:" "https://www.google.com"
JavaScript error: resource://gre/modules/ConduitsChild.jsm, line 112: Error: sendRemoveListener on closed conduit ruto@testleaf.com.137438953791
Missing chrome or resource URL: resource://gre/modules/UpdateListener.jsm
Missing chrome or resource URL: resource://gre/modules/UpdateListener.sys.mjs
console.error: "Error during quit-application-granted: [Exception... \"File error: Not found\"  nsresult: \"0x80520012 (NS_ERROR_FILE_NOT_FOUND)\"  location: \"JS frame :: resource:///modules/BrowserGlue.jsm :: _onQuitApplicationGranted/tasks< :: line 2006\"  data: no]"
1660723019143	Marionette	INFO	Stopped listening on port 44895
console.warn: TopSitesFeed: Failed to fetch data from Contile server: NetworkError when attempting to fetch resource.
1660723042973	geckodriver	INFO	Listening on 127.0.0.1:44947
1660723043481	mozrunner::runner	INFO	Running command: "/usr/bin/firefox" "--marionette" "--remote-debugging-port" "41609" "--remote-allow-hosts" "localhost" "-no-remote" "-profile" "/tmp/rust_mozprofileIq6IYW"
ATTENTION: default value of option mesa_glthread overridden by environment.
ATTENTION: default value of option mesa_glthread overridden by environment.
ATTENTION: default value of option mesa_glthread overridden by environment.
ATTENTION: default value of option mesa_glthread overridden by environment.
1660723044676	Marionette	INFO	Marionette enabled
1660723044683	Marionette	INFO	Listening on port 38345
WebDriver BiDi listening on ws://localhost:41609
Read port: 38345
1660723045014	RemoteAgent	WARN	TLS certificate errors will be ignored for this session
console.warn: SearchSettings: "get: No settings file exists, new profile?" (new NotFoundError("Could not open the file at /tmp/rust_mozprofileIq6IYW/search.json.mozlz4", (void 0)))
Missing chrome or resource URL: resource://gre/modules/UpdateListener.jsm
Missing chrome or resource URL: resource://gre/modules/UpdateListener.sys.mjs
DevTools listening on ws://localhost:41609/devtools/browser/efd8fb2e-ba21-401e-95a0-78caa98bfd64
JavaScript error: https://eus.rubiconproject.com/usync.js, line 4: SecurityError: The operation is insecure.
JavaScript error: , line 0: NetworkError: FetchEvent.respondWith() Promise rejected
Missing chrome or resource URL: resource://gre/modules/UpdateListener.jsm
Missing chrome or resource URL: resource://gre/modules/UpdateListener.sys.mjs
console.error: "Error during quit-application-granted: [Exception... \"File error: Not found\"  nsresult: \"0x80520012 (NS_ERROR_FILE_NOT_FOUND)\"  location: \"JS frame :: resource:///modules/BrowserGlue.jsm :: _onQuitApplicationGranted/tasks< :: line 2006\"  data: no]"
1660723059597	Marionette	INFO	Stopped listening on port 38345
console.warn: TopSitesFeed: Failed to fetch data from Contile server: NetworkError when attempting to fetch resource.
1660723068371	geckodriver	INFO	Listening on 127.0.0.1:58367
1660723068879	mozrunner::runner	INFO	Running command: "/usr/bin/firefox" "--marionette" "--remote-debugging-port" "37463" "--remote-allow-hosts" "localhost" "-no-remote" "-profile" "/tmp/rust_mozprofilecSX54B"
ATTENTION: default value of option mesa_glthread overridden by environment.
ATTENTION: default value of option mesa_glthread overridden by environment.
ATTENTION: default value of option mesa_glthread overridden by environment.
ATTENTION: default value of option mesa_glthread overridden by environment.
1660723070133	Marionette	INFO	Marionette enabled
1660723070142	Marionette	INFO	Listening on port 43495
WebDriver BiDi listening on ws://localhost:37463
Read port: 43495
1660723070340	RemoteAgent	WARN	TLS certificate errors will be ignored for this session
console.warn: SearchSettings: "get: No settings file exists, new profile?" (new NotFoundError("Could not open the file at /tmp/rust_mozprofilecSX54B/search.json.mozlz4", (void 0)))
Missing chrome or resource URL: resource://gre/modules/UpdateListener.jsm
Missing chrome or resource URL: resource://gre/modules/UpdateListener.sys.mjs
DevTools listening on ws://localhost:37463/devtools/browser/ae785917-dfc3-434a-8497-02caaeafd58d
JavaScript error: , line 0: NetworkError: FetchEvent.respondWith() Promise rejected
JavaScript error: , line 0: NetworkError: FetchEvent.respondWith() Promise rejected
JavaScript error: https://eus.rubiconproject.com/usync.js, line 4: SecurityError: The operation is insecure.
JavaScript warning: https://pagead2.googlesyndication.com/bg/nFxlsDypB7fADXJag6hgweS-nRuXDEO5nQJQNtw06Bw.js line 2 > eval line 7528 > eval line 1 > eval line 1 > eval, line 1: WEBGL_debug_renderer_info is deprecated in Firefox and will be removed. Please use RENDERER.
JavaScript error: , line 0: NetworkError: FetchEvent.respondWith() Promise rejected
console.warn: LoginRecipes: "getRecipes: falling back to a synchronous message for:" "https://www.google.com"
JavaScript error: resource://gre/modules/ConduitsChild.jsm, line 112: Error: sendRemoveListener on closed conduit ruto@testleaf.com.137438953831
Missing chrome or resource URL: resource://gre/modules/UpdateListener.jsm
Missing chrome or resource URL: resource://gre/modules/UpdateListener.sys.mjs
console.error: "Error during quit-application-granted: [Exception... \"File error: Not found\"  nsresult: \"0x80520012 (NS_ERROR_FILE_NOT_FOUND)\"  location: \"JS frame :: resource:///modules/BrowserGlue.jsm :: _onQuitApplicationGranted/tasks< :: line 2006\"  data: no]"
1660723323260	Marionette	INFO	Stopped listening on port 43495
console.warn: TopSitesFeed: Failed to fetch data from Contile server: NetworkError when attempting to fetch resource.
1660723350382	geckodriver	INFO	Listening on 127.0.0.1:38057
1660723350891	mozrunner::runner	INFO	Running command: "/usr/bin/firefox" "--marionette" "--remote-debugging-port" "42841" "--remote-allow-hosts" "localhost" "-no-remote" "-profile" "/tmp/rust_mozprofileIBu9X2"
ATTENTION: default value of option mesa_glthread overridden by environment.
ATTENTION: default value of option mesa_glthread overridden by environment.
ATTENTION: default value of option mesa_glthread overridden by environment.
ATTENTION: default value of option mesa_glthread overridden by environment.
1660723352103	Marionette	INFO	Marionette enabled
1660723352110	Marionette	INFO	Listening on port 46317
WebDriver BiDi listening on ws://localhost:42841
Read port: 46317
1660723352324	RemoteAgent	WARN	TLS certificate errors will be ignored for this session
console.warn: SearchSettings: "get: No settings file exists, new profile?" (new NotFoundError("Could not open the file at /tmp/rust_mozprofileIBu9X2/search.json.mozlz4", (void 0)))
Missing chrome or resource URL: resource://gre/modules/UpdateListener.jsm
Missing chrome or resource URL: resource://gre/modules/UpdateListener.sys.mjs
DevTools listening on ws://localhost:42841/devtools/browser/fe413ade-ae46-4cd7-a4ae-e5615b10e45a
JavaScript error: , line 0: NetworkError: FetchEvent.respondWith() Promise rejected
JavaScript warning: https://pagead2.googlesyndication.com/bg/nFxlsDypB7fADXJag6hgweS-nRuXDEO5nQJQNtw06Bw.js line 2 > eval line 7717 > eval line 1 > eval line 1 > eval, line 1: WEBGL_debug_renderer_info is deprecated in Firefox and will be removed. Please use RENDERER.
JavaScript error: https://eus.rubiconproject.com/usync.js, line 4: SecurityError: The operation is insecure.
JavaScript warning: https://pagead2.googlesyndication.com/bg/nFxlsDypB7fADXJag6hgweS-nRuXDEO5nQJQNtw06Bw.js line 2 > eval line 7352 > eval line 1 > eval line 1 > eval, line 1: WEBGL_debug_renderer_info is deprecated in Firefox and will be removed. Please use RENDERER.
JavaScript warning: https://pagead2.googlesyndication.com/bg/lIG_-rjQweUtsPTJkqViasoL1XPo6OtXzg5InKx-NMQ.js line 2 > eval line 1612 > eval line 1 > eval line 1 > eval, line 1: WEBGL_debug_renderer_info is deprecated in Firefox and will be removed. Please use RENDERER.
JavaScript error: , line 0: NetworkError: FetchEvent.respondWith() Promise rejected
1660723378014	Marionette	INFO	Stopped listening on port 46317
Missing chrome or resource URL: resource://gre/modules/UpdateListener.jsm
Missing chrome or resource URL: resource://gre/modules/UpdateListener.sys.mjs
console.error: "Error during quit-application-granted: [Exception... \"File error: Not found\"  nsresult: \"0x80520012 (NS_ERROR_FILE_NOT_FOUND)\"  location: \"JS frame :: resource:///modules/BrowserGlue.jsm :: _onQuitApplicationGranted/tasks< :: line 2006\"  data: no]"
1660723380895	geckodriver	INFO	Listening on 127.0.0.1:45463
1660723381403	mozrunner::runner	INFO	Running command: "/usr/bin/firefox" "--marionette" "--remote-debugging-port" "56677" "--remote-allow-hosts" "localhost" "-no-remote" "-profile" "/tmp/rust_mozprofileW3ZP8o"
ATTENTION: default value of option mesa_glthread overridden by environment.
ATTENTION: default value of option mesa_glthread overridden by environment.
ATTENTION: default value of option mesa_glthread overridden by environment.
ATTENTION: default value of option mesa_glthread overridden by environment.
1660723382590	Marionette	INFO	Marionette enabled
1660723382597	Marionette	INFO	Listening on port 35663
WebDriver BiDi listening on ws://localhost:56677
Read port: 35663
1660723382777	RemoteAgent	WARN	TLS certificate errors will be ignored for this session
console.warn: SearchSettings: "get: No settings file exists, new profile?" (new NotFoundError("Could not open the file at /tmp/rust_mozprofileW3ZP8o/search.json.mozlz4", (void 0)))
Missing chrome or resource URL: resource://gre/modules/UpdateListener.jsm
Missing chrome or resource URL: resource://gre/modules/UpdateListener.sys.mjs
DevTools listening on ws://localhost:56677/devtools/browser/b524ce22-cc2d-4e63-954c-b4ba84a815d5
JavaScript error: https://eus.rubiconproject.com/usync.js, line 4: SecurityError: The operation is insecure.
JavaScript error: , line 0: NetworkError: FetchEvent.respondWith() Promise rejected
JavaScript error: , line 0: NetworkError: FetchEvent.respondWith() Promise rejected
JavaScript error: https://eus.rubiconproject.com/usync.js, line 4: SecurityError: The operation is insecure.
JavaScript warning: https://pagead2.googlesyndication.com/bg/nFxlsDypB7fADXJag6hgweS-nRuXDEO5nQJQNtw06Bw.js line 2 > eval line 4605 > eval line 1 > eval line 1 > eval, line 1: WEBGL_debug_renderer_info is deprecated in Firefox and will be removed. Please use RENDERER.
JavaScript warning: https://pagead2.googlesyndication.com/bg/lIG_-rjQweUtsPTJkqViasoL1XPo6OtXzg5InKx-NMQ.js line 2 > eval line 7504 > eval line 1 > eval line 1 > eval, line 1: WEBGL_debug_renderer_info is deprecated in Firefox and will be removed. Please use RENDERER.
JavaScript error: resource://gre/modules/ConduitsChild.jsm, line 112: Error: sendRemoveListener on closed conduit ruto@testleaf.com.137438953827
Missing chrome or resource URL: resource://gre/modules/UpdateListener.jsm
Missing chrome or resource URL: resource://gre/modules/UpdateListener.sys.mjs
console.error: "Error during quit-application-granted: [Exception... \"File error: Not found\"  nsresult: \"0x80520012 (NS_ERROR_FILE_NOT_FOUND)\"  location: \"JS frame :: resource:///modules/BrowserGlue.jsm :: _onQuitApplicationGranted/tasks< :: line 2006\"  data: no]"
1660723648559	Marionette	INFO	Stopped listening on port 35663
console.warn: TopSitesFeed: Failed to fetch data from Contile server: NetworkError when attempting to fetch resource.
1660723652874	geckodriver	INFO	Listening on 127.0.0.1:44927
1660723652878	mozrunner::runner	INFO	Running command: "/usr/bin/firefox" "--marionette" "--remote-debugging-port" "41749" "--remote-allow-hosts" "localhost" "-no-remote" "-profile" "/tmp/rust_mozprofile1Kbg7W"
ATTENTION: default value of option mesa_glthread overridden by environment.
ATTENTION: default value of option mesa_glthread overridden by environment.
ATTENTION: default value of option mesa_glthread overridden by environment.
ATTENTION: default value of option mesa_glthread overridden by environment.
1660723654046	Marionette	INFO	Marionette enabled
1660723654054	Marionette	INFO	Listening on port 45447
WebDriver BiDi listening on ws://localhost:41749
Read port: 45447
1660723654252	RemoteAgent	WARN	TLS certificate errors will be ignored for this session
console.warn: SearchSettings: "get: No settings file exists, new profile?" (new NotFoundError("Could not open the file at /tmp/rust_mozprofile1Kbg7W/search.json.mozlz4", (void 0)))
Missing chrome or resource URL: resource://gre/modules/UpdateListener.jsm
Missing chrome or resource URL: resource://gre/modules/UpdateListener.sys.mjs
DevTools listening on ws://localhost:41749/devtools/browser/7929a8e3-c24c-487f-80f7-241a948565aa
JavaScript error: , line 0: NetworkError: FetchEvent.respondWith() Promise rejected
JavaScript error: https://eus.rubiconproject.com/usync.js, line 4: SecurityError: The operation is insecure.
JavaScript error: , line 0: NetworkError: FetchEvent.respondWith() Promise rejected
1660723681485	Marionette	WARN	Ignoring event 'pageshow' because document has an invalid readyState of 'uninitialized'.
JavaScript error: chrome://browser/content/certerror/aboutNetError.js, line 26: ReferenceError: RPMGetInnerMostURI is not defined
JavaScript warning: https://pagead2.googlesyndication.com/bg/nFxlsDypB7fADXJag6hgweS-nRuXDEO5nQJQNtw06Bw.js line 2 > eval line 6366 > eval line 1 > eval line 1 > eval, line 1: WEBGL_debug_renderer_info is deprecated in Firefox and will be removed. Please use RENDERER.
JavaScript warning: https://pagead2.googlesyndication.com/bg/nFxlsDypB7fADXJag6hgweS-nRuXDEO5nQJQNtw06Bw.js line 2 > eval line 2078 > eval line 1 > eval line 1 > eval, line 1: WEBGL_debug_renderer_info is deprecated in Firefox and will be removed. Please use RENDERER.
JavaScript error: , line 0: uncaught exception: 7
JavaScript warning: https://pagead2.googlesyndication.com/bg/lIG_-rjQweUtsPTJkqViasoL1XPo6OtXzg5InKx-NMQ.js line 2 > eval line 397 > eval line 1 > eval line 1 > eval, line 1: WEBGL_debug_renderer_info is deprecated in Firefox and will be removed. Please use RENDERER.
JavaScript error: https://eus.rubiconproject.com/usync.js, line 4: SecurityError: The operation is insecure.
JavaScript warning: https://pagead2.googlesyndication.com/bg/nFxlsDypB7fADXJag6hgweS-nRuXDEO5nQJQNtw06Bw.js line 2 > eval line 6676 > eval line 1 > eval line 1 > eval, line 1: WEBGL_debug_renderer_info is deprecated in Firefox and will be removed. Please use RENDERER.
JavaScript error: , line 0: uncaught exception: 7
1660723723181	Marionette	INFO	Stopped listening on port 45447
Missing chrome or resource URL: resource://gre/modules/UpdateListener.jsm
Missing chrome or resource URL: resource://gre/modules/UpdateListener.sys.mjs
console.error: "Error during quit-application-granted: [Exception... \"File error: Not found\"  nsresult: \"0x80520012 (NS_ERROR_FILE_NOT_FOUND)\"  location: \"JS frame :: resource:///modules/BrowserGlue.jsm :: _onQuitApplicationGranted/tasks< :: line 2006\"  data: no]"
JavaScript error: , line 0: NetworkError: FetchEvent.respondWith() Promise rejected
JavaScript error: , line 0: NetworkError: FetchEvent.respondWith() Promise rejected
JavaScript error: , line 0: NetworkError: FetchEvent.respondWith() Promise rejected
JavaScript error: resource://gre/modules/AsyncShutdown.jsm, line 720: Error: Phase "Sqlite.jsm: wait until all connections are closed" is finished, it is too late to register completion condition "protections.sqlite#0: waiting for shutdown"
Sandbox: Unexpected EOF, op 0 flags 00 path /proc/cpuinfo
1660723852347	geckodriver	INFO	Listening on 127.0.0.1:40657
1660723852856	mozrunner::runner	INFO	Running command: "/usr/bin/firefox" "--marionette" "--remote-debugging-port" "33377" "--remote-allow-hosts" "localhost" "-no-remote" "-profile" "/tmp/rust_mozprofileRUumQX"
ATTENTION: default value of option mesa_glthread overridden by environment.
ATTENTION: default value of option mesa_glthread overridden by environment.
ATTENTION: default value of option mesa_glthread overridden by environment.
ATTENTION: default value of option mesa_glthread overridden by environment.
1660723854139	Marionette	INFO	Marionette enabled
1660723854146	Marionette	INFO	Listening on port 45557
WebDriver BiDi listening on ws://localhost:33377
Read port: 45557
1660723854345	RemoteAgent	WARN	TLS certificate errors will be ignored for this session
console.warn: SearchSettings: "get: No settings file exists, new profile?" (new NotFoundError("Could not open the file at /tmp/rust_mozprofileRUumQX/search.json.mozlz4", (void 0)))
Missing chrome or resource URL: resource://gre/modules/UpdateListener.jsm
Missing chrome or resource URL: resource://gre/modules/UpdateListener.sys.mjs
DevTools listening on ws://localhost:33377/devtools/browser/f5a65653-42c5-4d0b-89ab-cd064cb54705
JavaScript error: , line 0: NetworkError: FetchEvent.respondWith() Promise rejected
JavaScript error: , line 0: NetworkError: FetchEvent.respondWith() Promise rejected
JavaScript warning: https://pagead2.googlesyndication.com/bg/nFxlsDypB7fADXJag6hgweS-nRuXDEO5nQJQNtw06Bw.js line 2 > eval line 4117 > eval line 1 > eval line 1 > eval, line 1: WEBGL_debug_renderer_info is deprecated in Firefox and will be removed. Please use RENDERER.
JavaScript warning: https://pagead2.googlesyndication.com/bg/nFxlsDypB7fADXJag6hgweS-nRuXDEO5nQJQNtw06Bw.js line 2 > eval line 6932 > eval line 1 > eval line 1 > eval, line 1: WEBGL_debug_renderer_info is deprecated in Firefox and will be removed. Please use RENDERER.
JavaScript warning: https://pagead2.googlesyndication.com/bg/nFxlsDypB7fADXJag6hgweS-nRuXDEO5nQJQNtw06Bw.js line 2 > eval line 6104 > eval line 1 > eval line 1 > eval, line 1: WEBGL_debug_renderer_info is deprecated in Firefox and will be removed. Please use RENDERER.
Missing chrome or resource URL: resource://gre/modules/UpdateListener.jsm
Missing chrome or resource URL: resource://gre/modules/UpdateListener.sys.mjs
console.error: "Error during quit-application-granted: [Exception... \"File error: Not found\"  nsresult: \"0x80520012 (NS_ERROR_FILE_NOT_FOUND)\"  location: \"JS frame :: resource:///modules/BrowserGlue.jsm :: _onQuitApplicationGranted/tasks< :: line 2006\"  data: no]"
1660723955880	Marionette	INFO	Stopped listening on port 45557
console.warn: TopSitesFeed: Failed to fetch data from Contile server: NetworkError when attempting to fetch resource.
Sandbox: Unexpected EOF, op 0 flags 00 path /proc/cpuinfo
1660723981577	geckodriver	INFO	Listening on 127.0.0.1:56399
1660723982085	mozrunner::runner	INFO	Running command: "/usr/bin/firefox" "--marionette" "--remote-debugging-port" "60801" "--remote-allow-hosts" "localhost" "-no-remote" "-profile" "/tmp/rust_mozprofileJnqIt8"
ATTENTION: default value of option mesa_glthread overridden by environment.
ATTENTION: default value of option mesa_glthread overridden by environment.
ATTENTION: default value of option mesa_glthread overridden by environment.
ATTENTION: default value of option mesa_glthread overridden by environment.
1660723983332	Marionette	INFO	Marionette enabled
1660723983339	Marionette	INFO	Listening on port 34551
WebDriver BiDi listening on ws://localhost:60801
Read port: 34551
1660723983525	RemoteAgent	WARN	TLS certificate errors will be ignored for this session
console.warn: SearchSettings: "get: No settings file exists, new profile?" (new NotFoundError("Could not open the file at /tmp/rust_mozprofileJnqIt8/search.json.mozlz4", (void 0)))
Missing chrome or resource URL: resource://gre/modules/UpdateListener.jsm
Missing chrome or resource URL: resource://gre/modules/UpdateListener.sys.mjs
DevTools listening on ws://localhost:60801/devtools/browser/bc20c3a7-71c0-4ea2-9c3d-d55930be336d
JavaScript error: https://eus.rubiconproject.com/usync.js, line 4: SecurityError: The operation is insecure.
JavaScript error: , line 0: NetworkError: FetchEvent.respondWith() Promise rejected
JavaScript error: https://eus.rubiconproject.com/usync.js, line 4: SecurityError: The operation is insecure.
JavaScript warning: https://pagead2.googlesyndication.com/bg/nFxlsDypB7fADXJag6hgweS-nRuXDEO5nQJQNtw06Bw.js line 2 > eval line 5619 > eval line 1 > eval line 1 > eval, line 1: WEBGL_debug_renderer_info is deprecated in Firefox and will be removed. Please use RENDERER.
JavaScript warning: https://pagead2.googlesyndication.com/bg/nFxlsDypB7fADXJag6hgweS-nRuXDEO5nQJQNtw06Bw.js line 2 > eval line 2377 > eval line 1 > eval line 1 > eval, line 1: WEBGL_debug_renderer_info is deprecated in Firefox and will be removed. Please use RENDERER.
JavaScript error: , line 0: uncaught exception: 7
JavaScript error: , line 0: NetworkError: FetchEvent.respondWith() Promise rejected
JavaScript error: , line 0: NetworkError: FetchEvent.respondWith() Promise rejected
JavaScript error: javascript:void;, line 1: SyntaxError: expected expression, got ';'
JavaScript warning: https://pagead2.googlesyndication.com/bg/nFxlsDypB7fADXJag6hgweS-nRuXDEO5nQJQNtw06Bw.js line 2 > eval line 469 > eval line 1 > eval line 1 > eval, line 1: WEBGL_debug_renderer_info is deprecated in Firefox and will be removed. Please use RENDERER.
JavaScript warning: https://pagead2.googlesyndication.com/bg/nFxlsDypB7fADXJag6hgweS-nRuXDEO5nQJQNtw06Bw.js line 2 > eval line 182 > eval line 1 > eval line 1 > eval, line 1: WEBGL_debug_renderer_info is deprecated in Firefox and will be removed. Please use RENDERER.
Missing chrome or resource URL: resource://gre/modules/UpdateListener.jsm
Missing chrome or resource URL: resource://gre/modules/UpdateListener.sys.mjs
console.error: "Error during quit-application-granted: [Exception... \"File error: Not found\"  nsresult: \"0x80520012 (NS_ERROR_FILE_NOT_FOUND)\"  location: \"JS frame :: resource:///modules/BrowserGlue.jsm :: _onQuitApplicationGranted/tasks< :: line 2006\"  data: no]"
1660724026666	Marionette	INFO	Stopped listening on port 34551
JavaScript error: , line 0: NetworkError: FetchEvent.respondWith() Promise rejected
console.warn: TopSitesFeed: Failed to fetch data from Contile server: NetworkError when attempting to fetch resource.
1660724026952	geckodriver::marionette	ERROR	Failed to close browser connection: Socket not connected (os error 107)
JavaScript error: resource://gre/modules/Sqlite.jsm, line 967: Error: Error(s) encountered during statement execution: disk I/O error
JavaScript error: resource://gre/modules/AsyncShutdown.jsm, line 577: uncaught exception: Object
[2022-08-17T08:13:47Z ERROR glean_core] Can't persist ping lifetime data: Error { kind: Rkv(IoError(Os { code: 2, kind: NotFound, message: "No such file or directory" })) }
Sandbox: Unexpected EOF, op 0 flags 00 path /proc/cpuinfo
1660724128012	geckodriver	INFO	Listening on 127.0.0.1:34455
1660724128517	mozrunner::runner	INFO	Running command: "/usr/bin/firefox" "--marionette" "--remote-debugging-port" "60519" "--remote-allow-hosts" "localhost" "-no-remote" "-profile" "/tmp/rust_mozprofileGpW90P"
ATTENTION: default value of option mesa_glthread overridden by environment.
ATTENTION: default value of option mesa_glthread overridden by environment.
ATTENTION: default value of option mesa_glthread overridden by environment.
ATTENTION: default value of option mesa_glthread overridden by environment.
1660724129940	Marionette	INFO	Marionette enabled
1660724129946	Marionette	INFO	Listening on port 35861
WebDriver BiDi listening on ws://localhost:60519
Read port: 35861
1660724130137	RemoteAgent	WARN	TLS certificate errors will be ignored for this session
console.warn: SearchSettings: "get: No settings file exists, new profile?" (new NotFoundError("Could not open the file at /tmp/rust_mozprofileGpW90P/search.json.mozlz4", (void 0)))
Missing chrome or resource URL: resource://gre/modules/UpdateListener.jsm
Missing chrome or resource URL: resource://gre/modules/UpdateListener.sys.mjs
DevTools listening on ws://localhost:60519/devtools/browser/f38bd905-bff8-43e2-91c1-faf0f070642c
JavaScript error: , line 0: NetworkError: FetchEvent.respondWith() Promise rejected
JavaScript error: , line 0: NetworkError: FetchEvent.respondWith() Promise rejected
JavaScript warning: https://pagead2.googlesyndication.com/bg/nFxlsDypB7fADXJag6hgweS-nRuXDEO5nQJQNtw06Bw.js line 2 > eval line 4630 > eval line 1 > eval line 1 > eval, line 1: WEBGL_debug_renderer_info is deprecated in Firefox and will be removed. Please use RENDERER.
JavaScript warning: https://pagead2.googlesyndication.com/bg/lIG_-rjQweUtsPTJkqViasoL1XPo6OtXzg5InKx-NMQ.js line 2 > eval line 7784 > eval line 1 > eval line 1 > eval, line 1: WEBGL_debug_renderer_info is deprecated in Firefox and will be removed. Please use RENDERER.
JavaScript warning: https://pagead2.googlesyndication.com/bg/lIG_-rjQweUtsPTJkqViasoL1XPo6OtXzg5InKx-NMQ.js line 2 > eval line 5226 > eval line 1 > eval line 1 > eval, line 1: WEBGL_debug_renderer_info is deprecated in Firefox and will be removed. Please use RENDERER.
Missing chrome or resource URL: resource://gre/modules/UpdateListener.jsm
Missing chrome or resource URL: resource://gre/modules/UpdateListener.sys.mjs
console.error: "Error during quit-application-granted: [Exception... \"File error: Not found\"  nsresult: \"0x80520012 (NS_ERROR_FILE_NOT_FOUND)\"  location: \"JS frame :: resource:///modules/BrowserGlue.jsm :: _onQuitApplicationGranted/tasks< :: line 2006\"  data: no]"
1660724196933	Marionette	INFO	Stopped listening on port 35861
Sandbox: Unexpected EOF, op 0 flags 00 path /proc/cpuinfo
1660724298326	geckodriver	INFO	Listening on 127.0.0.1:40185
1660724298832	mozrunner::runner	INFO	Running command: "/usr/bin/firefox" "--marionette" "--remote-debugging-port" "43343" "--remote-allow-hosts" "localhost" "-no-remote" "-profile" "/tmp/rust_mozprofile1QniA8"
ATTENTION: default value of option mesa_glthread overridden by environment.
ATTENTION: default value of option mesa_glthread overridden by environment.
ATTENTION: default value of option mesa_glthread overridden by environment.
ATTENTION: default value of option mesa_glthread overridden by environment.
1660724300373	Marionette	INFO	Marionette enabled
1660724300380	Marionette	INFO	Listening on port 34847
WebDriver BiDi listening on ws://localhost:43343
Read port: 34847
1660724300571	RemoteAgent	WARN	TLS certificate errors will be ignored for this session
console.warn: SearchSettings: "get: No settings file exists, new profile?" (new NotFoundError("Could not open the file at /tmp/rust_mozprofile1QniA8/search.json.mozlz4", (void 0)))
Missing chrome or resource URL: resource://gre/modules/UpdateListener.jsm
Missing chrome or resource URL: resource://gre/modules/UpdateListener.sys.mjs
DevTools listening on ws://localhost:43343/devtools/browser/827f7a71-8f0d-4622-a2a4-d0d865713c3c
JavaScript error: , line 0: NetworkError: FetchEvent.respondWith() Promise rejected
JavaScript warning: https://pagead2.googlesyndication.com/bg/lIG_-rjQweUtsPTJkqViasoL1XPo6OtXzg5InKx-NMQ.js line 2 > eval line 3246 > eval line 1 > eval line 1 > eval, line 1: WEBGL_debug_renderer_info is deprecated in Firefox and will be removed. Please use RENDERER.
JavaScript error: https://eus.rubiconproject.com/usync.js, line 4: SecurityError: The operation is insecure.
JavaScript error: , line 0: NetworkError: FetchEvent.respondWith() Promise rejected
JavaScript error: https://eus.rubiconproject.com/usync.js, line 4: SecurityError: The operation is insecure.
JavaScript warning: https://pagead2.googlesyndication.com/bg/nFxlsDypB7fADXJag6hgweS-nRuXDEO5nQJQNtw06Bw.js line 2 > eval line 897 > eval line 1 > eval line 1 > eval, line 1: WEBGL_debug_renderer_info is deprecated in Firefox and will be removed. Please use RENDERER.
JavaScript error: , line 0: uncaught exception: 7
JavaScript error: , line 0: NetworkError: FetchEvent.respondWith() Promise rejected
JavaScript error: javascript:void;, line 1: SyntaxError: expected expression, got ';'
JavaScript warning: https://pagead2.googlesyndication.com/bg/lIG_-rjQweUtsPTJkqViasoL1XPo6OtXzg5InKx-NMQ.js line 2 > eval line 138 > eval line 1 > eval line 1 > eval, line 1: WEBGL_debug_renderer_info is deprecated in Firefox and will be removed. Please use RENDERER.
Missing chrome or resource URL: resource://gre/modules/UpdateListener.jsm
Missing chrome or resource URL: resource://gre/modules/UpdateListener.sys.mjs
console.error: "Error during quit-application-granted: [Exception... \"File error: Not found\"  nsresult: \"0x80520012 (NS_ERROR_FILE_NOT_FOUND)\"  location: \"JS frame :: resource:///modules/BrowserGlue.jsm :: _onQuitApplicationGranted/tasks< :: line 2006\"  data: no]"
1660724419031	Marionette	INFO	Stopped listening on port 34847
console.warn: TopSitesFeed: Failed to fetch data from Contile server: NetworkError when attempting to fetch resource.
1660724423442	geckodriver	INFO	Listening on 127.0.0.1:48923
1660724423951	mozrunner::runner	INFO	Running command: "/usr/bin/firefox" "--marionette" "--remote-debugging-port" "43819" "--remote-allow-hosts" "localhost" "-no-remote" "-profile" "/tmp/rust_mozprofileo67vQK"
ATTENTION: default value of option mesa_glthread overridden by environment.
ATTENTION: default value of option mesa_glthread overridden by environment.
ATTENTION: default value of option mesa_glthread overridden by environment.
ATTENTION: default value of option mesa_glthread overridden by environment.
1660724425190	Marionette	INFO	Marionette enabled
1660724425195	Marionette	INFO	Listening on port 45111
WebDriver BiDi listening on ws://localhost:43819
Read port: 45111
1660724425401	RemoteAgent	WARN	TLS certificate errors will be ignored for this session
console.warn: SearchSettings: "get: No settings file exists, new profile?" (new NotFoundError("Could not open the file at /tmp/rust_mozprofileo67vQK/search.json.mozlz4", (void 0)))
Missing chrome or resource URL: resource://gre/modules/UpdateListener.jsm
Missing chrome or resource URL: resource://gre/modules/UpdateListener.sys.mjs
DevTools listening on ws://localhost:43819/devtools/browser/10894156-693e-4288-a8c5-5969f56150a0
JavaScript error: , line 0: NetworkError: FetchEvent.respondWith() Promise rejected
JavaScript error: https://eus.rubiconproject.com/usync.js, line 4: SecurityError: The operation is insecure.
JavaScript warning: https://pagead2.googlesyndication.com/bg/nFxlsDypB7fADXJag6hgweS-nRuXDEO5nQJQNtw06Bw.js line 2 > eval line 4298 > eval line 1 > eval line 1 > eval, line 1: WEBGL_debug_renderer_info is deprecated in Firefox and will be removed. Please use RENDERER.
JavaScript error: , line 0: NetworkError: FetchEvent.respondWith() Promise rejected
JavaScript warning: https://pagead2.googlesyndication.com/bg/nFxlsDypB7fADXJag6hgweS-nRuXDEO5nQJQNtw06Bw.js line 2 > eval line 4723 > eval line 1 > eval line 1 > eval, line 1: WEBGL_debug_renderer_info is deprecated in Firefox and will be removed. Please use RENDERER.
1660724461106	Marionette	WARN	Ignoring event 'pageshow' because document has an invalid readyState of 'uninitialized'.
JavaScript error: chrome://browser/content/certerror/aboutNetError.js, line 26: ReferenceError: RPMGetInnerMostURI is not defined
Missing chrome or resource URL: resource://gre/modules/UpdateListener.jsm
Missing chrome or resource URL: resource://gre/modules/UpdateListener.sys.mjs
console.error: "Error during quit-application-granted: [Exception... \"File error: Not found\"  nsresult: \"0x80520012 (NS_ERROR_FILE_NOT_FOUND)\"  location: \"JS frame :: resource:///modules/BrowserGlue.jsm :: _onQuitApplicationGranted/tasks< :: line 2006\"  data: no]"
1660724464509	Marionette	INFO	Stopped listening on port 45111
JavaScript error: , line 0: NetworkError: FetchEvent.respondWith() Promise rejected
JavaScript error: , line 0: NetworkError: FetchEvent.respondWith() Promise rejected
JavaScript error: , line 0: NetworkError: FetchEvent.respondWith() Promise rejected
JavaScript error: , line 0: NetworkError: FetchEvent.respondWith() Promise rejected
console.warn: TopSitesFeed: Failed to fetch data from Contile server: NetworkError when attempting to fetch resource.
Sandbox: Unexpected EOF, op 0 flags 00 path /proc/cpuinfo
1660724466755	geckodriver	INFO	Listening on 127.0.0.1:38533
1660724467264	mozrunner::runner	INFO	Running command: "/usr/bin/firefox" "--marionette" "--remote-debugging-port" "42803" "--remote-allow-hosts" "localhost" "-no-remote" "-profile" "/tmp/rust_mozprofileFoF0OR"
ATTENTION: default value of option mesa_glthread overridden by environment.
ATTENTION: default value of option mesa_glthread overridden by environment.
ATTENTION: default value of option mesa_glthread overridden by environment.
ATTENTION: default value of option mesa_glthread overridden by environment.
1660724468654	Marionette	INFO	Marionette enabled
1660724468661	Marionette	INFO	Listening on port 45927
Read port: 45927
WebDriver BiDi listening on ws://localhost:42803
1660724468863	RemoteAgent	WARN	TLS certificate errors will be ignored for this session
console.warn: SearchSettings: "get: No settings file exists, new profile?" (new NotFoundError("Could not open the file at /tmp/rust_mozprofileFoF0OR/search.json.mozlz4", (void 0)))
Missing chrome or resource URL: resource://gre/modules/UpdateListener.jsm
Missing chrome or resource URL: resource://gre/modules/UpdateListener.sys.mjs
DevTools listening on ws://localhost:42803/devtools/browser/c6d193ee-863b-406b-b04a-6bac0ceed12c
JavaScript error: , line 0: NetworkError: FetchEvent.respondWith() Promise rejected
JavaScript warning: https://pagead2.googlesyndication.com/bg/nFxlsDypB7fADXJag6hgweS-nRuXDEO5nQJQNtw06Bw.js line 2 > eval line 4028 > eval line 1 > eval line 1 > eval, line 1: WEBGL_debug_renderer_info is deprecated in Firefox and will be removed. Please use RENDERER.
JavaScript warning: https://pagead2.googlesyndication.com/bg/lIG_-rjQweUtsPTJkqViasoL1XPo6OtXzg5InKx-NMQ.js line 2 > eval line 7648 > eval line 1 > eval line 1 > eval, line 1: WEBGL_debug_renderer_info is deprecated in Firefox and will be removed. Please use RENDERER.
JavaScript error: , line 0: NetworkError: FetchEvent.respondWith() Promise rejected
JavaScript warning: https://pagead2.googlesyndication.com/bg/nFxlsDypB7fADXJag6hgweS-nRuXDEO5nQJQNtw06Bw.js line 2 > eval line 7767 > eval line 1 > eval line 1 > eval, line 1: WEBGL_debug_renderer_info is deprecated in Firefox and will be removed. Please use RENDERER.
JavaScript warning: https://pagead2.googlesyndication.com/bg/nFxlsDypB7fADXJag6hgweS-nRuXDEO5nQJQNtw06Bw.js line 2 > eval line 4099 > eval line 1 > eval line 1 > eval, line 1: WEBGL_debug_renderer_info is deprecated in Firefox and will be removed. Please use RENDERER.
JavaScript warning: https://pagead2.googlesyndication.com/bg/nFxlsDypB7fADXJag6hgweS-nRuXDEO5nQJQNtw06Bw.js line 2 > eval line 3662 > eval line 1 > eval line 1 > eval, line 1: WEBGL_debug_renderer_info is deprecated in Firefox and will be removed. Please use RENDERER.
JavaScript error: https://eus.rubiconproject.com/usync.js, line 4: SecurityError: The operation is insecure.
JavaScript error: , line 0: TypeError: NetworkError when attempting to fetch resource.
JavaScript error: , line 0: TypeError: NetworkError when attempting to fetch resource.
JavaScript warning: https://pagead2.googlesyndication.com/bg/lIG_-rjQweUtsPTJkqViasoL1XPo6OtXzg5InKx-NMQ.js line 2 > eval line 3858 > eval line 1 > eval line 1 > eval, line 1: WEBGL_debug_renderer_info is deprecated in Firefox and will be removed. Please use RENDERER.
JavaScript warning: https://pagead2.googlesyndication.com/bg/lIG_-rjQweUtsPTJkqViasoL1XPo6OtXzg5InKx-NMQ.js line 2 > eval line 5062 > eval line 1 > eval line 1 > eval, line 1: WEBGL_debug_renderer_info is deprecated in Firefox and will be removed. Please use RENDERER.
Missing chrome or resource URL: resource://gre/modules/UpdateListener.jsm
Missing chrome or resource URL: resource://gre/modules/UpdateListener.sys.mjs
console.error: "Error during quit-application-granted: [Exception... \"File error: Not found\"  nsresult: \"0x80520012 (NS_ERROR_FILE_NOT_FOUND)\"  location: \"JS frame :: resource:///modules/BrowserGlue.jsm :: _onQuitApplicationGranted/tasks< :: line 2006\"  data: no]"
1660728010310	Marionette	INFO	Stopped listening on port 45927
console.warn: TopSitesFeed: Failed to fetch data from Contile server: NetworkError when attempting to fetch resource.
Sandbox: Unexpected EOF, op 0 flags 00 path /proc/cpuinfo
1660728012545	geckodriver	INFO	Listening on 127.0.0.1:49225
1660728013056	mozrunner::runner	INFO	Running command: "/usr/bin/firefox" "--marionette" "--remote-debugging-port" "43555" "--remote-allow-hosts" "localhost" "-no-remote" "-profile" "/tmp/rust_mozprofilep01WoV"
ATTENTION: default value of option mesa_glthread overridden by environment.
ATTENTION: default value of option mesa_glthread overridden by environment.
ATTENTION: default value of option mesa_glthread overridden by environment.
ATTENTION: default value of option mesa_glthread overridden by environment.
1660728014238	Marionette	INFO	Marionette enabled
1660728014246	Marionette	INFO	Listening on port 35673
WebDriver BiDi listening on ws://localhost:43555
Read port: 35673
1660728014446	RemoteAgent	WARN	TLS certificate errors will be ignored for this session
console.warn: SearchSettings: "get: No settings file exists, new profile?" (new NotFoundError("Could not open the file at /tmp/rust_mozprofilep01WoV/search.json.mozlz4", (void 0)))
Missing chrome or resource URL: resource://gre/modules/UpdateListener.jsm
Missing chrome or resource URL: resource://gre/modules/UpdateListener.sys.mjs
DevTools listening on ws://localhost:43555/devtools/browser/eb169a53-0402-43b1-8035-47a635c0b2f1
JavaScript error: , line 0: NetworkError: FetchEvent.respondWith() Promise rejected
JavaScript error: https://eus.rubiconproject.com/usync.js, line 4: SecurityError: The operation is insecure.
JavaScript warning: https://pagead2.googlesyndication.com/bg/nFxlsDypB7fADXJag6hgweS-nRuXDEO5nQJQNtw06Bw.js line 2 > eval line 2147 > eval line 1 > eval line 1 > eval, line 1: WEBGL_debug_renderer_info is deprecated in Firefox and will be removed. Please use RENDERER.
JavaScript error: , line 0: NetworkError: FetchEvent.respondWith() Promise rejected
JavaScript warning: https://pagead2.googlesyndication.com/bg/nFxlsDypB7fADXJag6hgweS-nRuXDEO5nQJQNtw06Bw.js line 2 > eval line 2373 > eval line 1 > eval line 1 > eval, line 1: WEBGL_debug_renderer_info is deprecated in Firefox and will be removed. Please use RENDERER.
1660728063565	Marionette	WARN	Ignoring event 'pageshow' because document has an invalid readyState of 'uninitialized'.
JavaScript error: chrome://browser/content/certerror/aboutNetError.js, line 26: ReferenceError: RPMGetInnerMostURI is not defined
JavaScript error: , line 0: NetworkError: FetchEvent.respondWith() Promise rejected
JavaScript error: , line 0: NetworkError: FetchEvent.respondWith() Promise rejected
Missing chrome or resource URL: resource://gre/modules/UpdateListener.jsm
Missing chrome or resource URL: resource://gre/modules/UpdateListener.sys.mjs
console.error: "Error during quit-application-granted: [Exception... \"File error: Not found\"  nsresult: \"0x80520012 (NS_ERROR_FILE_NOT_FOUND)\"  location: \"JS frame :: resource:///modules/BrowserGlue.jsm :: _onQuitApplicationGranted/tasks< :: line 2006\"  data: no]"
1660728895700	Marionette	INFO	Stopped listening on port 35673
console.warn: TopSitesFeed: Failed to fetch data from Contile server: NetworkError when attempting to fetch resource.
